Cloning into 'libudev0-shim'...
Already up to date.
gpg: key EDAE37B02CEB490D: public key "Emil Velikov <emil.l.velikov@gmail.com>" imported
gpg: Total number processed: 1
gpg:               imported: 1
==> Making package: libudev0-shim 2-2 (Fri Oct 31 21:12:03 2025)
==> Checking runtime dependencies...
==> Checking buildtime dependencies...
==> Retrieving sources...
  -> Cloning libudev0-shim git repo...
Cloning into bare repository '/workspace/build/libudev0-shim/libudev0-shim'...
==> Validating source files with sha512sums...
    libudev0-shim ... Passed
==> Verifying source file signatures with gpg...
    libudev0-shim git repo ... Passed
==> Extracting sources...
  -> Creating working copy of libudev0-shim git repo...
Cloning into 'libudev0-shim'...
done.
Switched to a new branch 'makepkg'
==> Starting build()...
cc -Wall -Wextra -g -fvisibility=hidden -shared -fPIC -march=x86-64 -mtune=generic -O2 -pipe -fno-plt -fexceptions         -Wp,-D_FORTIFY_SOURCE=3 -Wformat -Werror=format-security         -fstack-clash-protection -fcf-protection         -fno-omit-frame-pointer -mno-omit-leaf-frame-pointer -g -ffile-prefix-map=/workspace/build/libudev0-shim/src=/usr/src/debug/libudev0-shim -flto=auto -Wl,-soname,libudev.so.0 -Wl,-z,now -Wl,-O1 -Wl,--sort-common -Wl,--as-needed -Wl,-z,relro -Wl,-z,now          -Wl,-z,pack-relative-relocs -flto=auto -Wl,--no-as-needed -ludev -Wl,--as-needed libudev0.c -o libudev.so.0.13.9999
==> Entering fakeroot environment...
==> Starting package()...
install -D -m0755 libudev.so.0.13.9999 /workspace/build/libudev0-shim/pkg/libudev0-shim/usr/lib/libudev.so.0.13.9999
ln -s libudev.so.0.13.9999 /workspace/build/libudev0-shim/pkg/libudev0-shim/usr/lib/libudev.so.0
==> Tidying install...
  -> Removing libtool files...
  -> Purging unwanted files...
  -> Removing static library files...
  -> Stripping unneeded symbols from binaries and libraries...
  -> Compressing man and info pages...
==> Checking for packaging issues...
==> Creating package "libudev0-shim"...
  -> Generating .PKGINFO file...
  -> Generating .BUILDINFO file...
  -> Generating .MTREE file...
  -> Compressing package...
==> Creating package "libudev0-shim-debug"...
  -> Generating .PKGINFO file...
  -> Generating .BUILDINFO file...
  -> Generating .MTREE file...
  -> Compressing package...
==> Leaving fakeroot environment.
==> Finished making: libudev0-shim 2-2 (Fri Oct 31 21:12:05 2025)
==> Installing package libudev0-shim with pacman -U...
loading packages...
resolving dependencies...
looking for conflicting packages...

Package (2)          New Version  Net Change

libudev0-shim        2-2            0.01 MiB
libudev0-shim-debug  2-2            0.01 MiB

Total Installed Size:  0.02 MiB

:: Proceed with installation? [Y/n] 
checking keyring...
checking package integrity...
loading package files...
checking for file conflicts...
:: Processing package changes...
installing libudev0-shim...
installing libudev0-shim-debug...
:: Running post-transaction hooks...
(1/1) Arming ConditionNeedsUpdate...
