Cloning into 'lib32-glew1.10'...
Already up to date.
==> Making package: lib32-glew1.10 1.10.0-6 (Fri Oct 31 21:17:01 2025)
==> Checking runtime dependencies...
==> Installing missing dependencies...
resolving dependencies...
looking for conflicting packages...
warning: dependency cycle detected:
warning: lib32-mesa will be installed before its lib32-libglvnd dependency
warning: dependency cycle detected:
warning: lib32-keyutils will be installed before its lib32-krb5 dependency

Package (49)                 New Version                 Net Change

multilib/lib32-brotli        1.1.0-1                       0.86 MiB
multilib/lib32-bzip2         1.0.8-4                       0.07 MiB
multilib/lib32-curl          8.16.0-1                      0.86 MiB
multilib/lib32-e2fsprogs     1.47.3-1                      0.52 MiB
multilib/lib32-expat         2.7.3-1                       0.18 MiB
core/lib32-gcc-libs          15.2.1+r22+gc4e96a094636-1  118.05 MiB
multilib/lib32-icu           76.1-1                       36.37 MiB
multilib/lib32-json-c        0.18-2                        0.08 MiB
multilib/lib32-keyutils      1.6.3-2                       0.02 MiB
multilib/lib32-krb5          1.21.3-1                      2.12 MiB
multilib/lib32-libdrm        2.4.127-1                     0.36 MiB
multilib/lib32-libelf        0.193-4                       0.81 MiB
multilib/lib32-libffi        3.5.2-1                       0.04 MiB
multilib/lib32-libice        1.1.1-2                       0.09 MiB
multilib/lib32-libidn2       2.3.7-1                       0.12 MiB
multilib/lib32-libldap       2.6.10-1                      0.40 MiB
multilib/lib32-libnghttp2    1.68.0-1                      0.16 MiB
multilib/lib32-libnghttp3    1.12.0-1                      0.16 MiB
multilib/lib32-libpciaccess  0.18.1-1                      0.04 MiB
multilib/lib32-libpsl        0.21.5-1                      0.07 MiB
multilib/lib32-libsm         1.2.4-2                       0.04 MiB
multilib/lib32-libssh2       1.11.1-1                      0.28 MiB
multilib/lib32-libunistring  1.3-1                         1.85 MiB
multilib/lib32-libxau        1.0.11-2                      0.01 MiB
multilib/lib32-libxcb        1.17.0-1                      1.03 MiB
multilib/lib32-libxcrypt     4.4.38-1                      0.16 MiB
multilib/lib32-libxdmcp      1.1.5-1                       0.02 MiB
multilib/lib32-libxfixes     6.0.1-2                       0.02 MiB
multilib/lib32-libxml2       2.15.1-1                      1.16 MiB
multilib/lib32-libxshmfence  1.3.3-1                       0.01 MiB
multilib/lib32-libxt         1.3.1-1                       0.37 MiB
multilib/lib32-libxxf86vm    1.1.5-2                       0.02 MiB
multilib/lib32-llvm-libs     1:21.1.4-1                  155.75 MiB
multilib/lib32-lm_sensors    1:3.6.2-2                     0.05 MiB
multilib/lib32-mesa          1:25.2.6-1                   45.40 MiB
multilib/lib32-ncurses       6.5-2                         0.56 MiB
multilib/lib32-openssl       1:3.6.0-1                     5.34 MiB
multilib/lib32-spirv-tools   1:1.4.328.1-1                 6.05 MiB
multilib/lib32-util-linux    2.41.2-1                      1.07 MiB
multilib/lib32-wayland       1.24.0-1                      0.16 MiB
multilib/lib32-xz            5.8.1-1                       0.21 MiB
multilib/lib32-zlib          1.3.1-2                       0.09 MiB
multilib/lib32-zstd          1.5.7-2                       0.88 MiB
core/lib32-glibc             2.42+r17+gd7274d718e6f-1     18.49 MiB
multilib/lib32-libglvnd      1.7.0-1                       1.33 MiB
multilib/lib32-libx11        1.8.12-2                      1.28 MiB
multilib/lib32-libxext       1.3.6-1                       0.08 MiB
multilib/lib32-libxi         1.8.2-1                       0.07 MiB
multilib/lib32-libxmu        1.2.1-1                       0.12 MiB

Total Installed Size:  403.25 MiB

:: Proceed with installation? [Y/n] 
checking keyring...
checking package integrity...
loading package files...
checking for file conflicts...
:: Processing package changes...
installing lib32-glibc...
installing lib32-libxdmcp...
installing lib32-libxau...
installing lib32-libxcb...
installing lib32-libx11...
installing lib32-libxext...
installing lib32-expat...
installing lib32-gcc-libs...
installing lib32-zlib...
installing lib32-libpciaccess...
installing lib32-libdrm...
installing lib32-bzip2...
installing lib32-brotli...
installing lib32-e2fsprogs...
installing lib32-keyutils...
installing lib32-openssl...
Optional dependencies for lib32-openssl
    ca-certificates [installed]
installing lib32-libxcrypt...
installing lib32-libldap...
installing lib32-krb5...
installing lib32-libunistring...
installing lib32-libidn2...
installing lib32-libnghttp2...
installing lib32-libnghttp3...
installing lib32-libpsl...
installing lib32-libssh2...
installing lib32-zstd...
installing lib32-curl...
installing lib32-json-c...
installing lib32-xz...
installing lib32-libelf...
installing lib32-libxshmfence...
installing lib32-libxxf86vm...
installing lib32-libffi...
installing lib32-ncurses...
installing lib32-icu...
installing lib32-libxml2...
installing lib32-llvm-libs...
installing lib32-lm_sensors...
installing lib32-spirv-tools...
installing lib32-wayland...
installing lib32-mesa...
Optional dependencies for lib32-mesa
    opengl-man-pages: for the OpenGL API man pages
installing lib32-libglvnd...
installing lib32-libxfixes...
installing lib32-libxi...
installing lib32-libice...
installing lib32-util-linux...
installing lib32-libsm...
installing lib32-libxt...
installing lib32-libxmu...
:: Running post-transaction hooks...
(1/1) Arming ConditionNeedsUpdate...
==> Checking buildtime dependencies...
==> Retrieving sources...
  -> Downloading glew-1.10.0.tgz...
  % Total    % Received % Xferd  Average Speed   Time    Time     Time  Current
                                 Dload  Upload   Total   Spent    Left  Speed
  0     0    0     0    0     0      0      0 --:--:-- --:--:-- --:--:--     0100   360  100   360    0     0   1306      0 --:--:-- --:--:-- --:--:--  1309
100   353  100   353    0     0    518      0 --:--:-- --:--:-- --:--:--   518100   353  100   353    0     0    518      0 --:--:-- --:--:-- --:--:--     0
100  554k  100  554k    0     0   364k      0  0:00:01  0:00:01 --:--:--  364k
==> Validating source files with sha256sums...
    glew-1.10.0.tgz ... Passed
==> Extracting sources...
  -> Extracting glew-1.10.0.tgz with bsdtar
==> Starting prepare()...
==> Starting build()...
make: 'lib' is up to date.
==> Entering fakeroot environment...
==> Starting package()...
install -d -m 0755 /workspace/build/lib32-glew1.10/pkg/lib32-glew1.10/usr/include/GL
install -m 0644 include/GL/wglew.h /workspace/build/lib32-glew1.10/pkg/lib32-glew1.10/usr/include/GL/
install -m 0644 include/GL/glew.h /workspace/build/lib32-glew1.10/pkg/lib32-glew1.10/usr/include/GL/
install -m 0644 include/GL/glxew.h /workspace/build/lib32-glew1.10/pkg/lib32-glew1.10/usr/include/GL/
gcc -m32 -DGLEW_NO_GLU -O2 -Wall -W -Iinclude -fPIC  -o tmp/linux/default/shared/glew.o -c src/glew.c
src/glew.c: In function ‘_glewStrSame1’:
src/glew.c:219:29: warning: the comparison will always evaluate as ‘true’ for the pointer operand in ‘*a + (sizetype)i’ must not be NULL [-Waddress]
  219 |     while (i < nb && (*a)+i != NULL && b+i != NULL && (*a)[i] == b[i]) i++;
      |                             ^~
src/glew.c:219:44: warning: the comparison will always evaluate as ‘true’ for the pointer operand in ‘b + (sizetype)i’ must not be NULL [-Waddress]
  219 |     while (i < nb && (*a)+i != NULL && b+i != NULL && (*a)[i] == b[i]) i++;
      |                                            ^~
src/glew.c: In function ‘_glewStrSame2’:
src/glew.c:235:29: warning: the comparison will always evaluate as ‘true’ for the pointer operand in ‘*a + (sizetype)i’ must not be NULL [-Waddress]
  235 |     while (i < nb && (*a)+i != NULL && b+i != NULL && (*a)[i] == b[i]) i++;
      |                             ^~
src/glew.c:235:44: warning: the comparison will always evaluate as ‘true’ for the pointer operand in ‘b + (sizetype)i’ must not be NULL [-Waddress]
  235 |     while (i < nb && (*a)+i != NULL && b+i != NULL && (*a)[i] == b[i]) i++;
      |                                            ^~
src/glew.c: In function ‘_glewStrSame3’:
src/glew.c:251:29: warning: the comparison will always evaluate as ‘true’ for the pointer operand in ‘*a + (sizetype)i’ must not be NULL [-Waddress]
  251 |     while (i < nb && (*a)+i != NULL && b+i != NULL && (*a)[i] == b[i]) i++;
      |                             ^~
src/glew.c:251:44: warning: the comparison will always evaluate as ‘true’ for the pointer operand in ‘b + (sizetype)i’ must not be NULL [-Waddress]
  251 |     while (i < nb && (*a)+i != NULL && b+i != NULL && (*a)[i] == b[i]) i++;
      |                                            ^~
gcc -m32 -shared -Wl,-soname=libGLEW.so.1.10 -o lib/libGLEW.so.1.10.0 tmp/linux/default/shared/glew.o -L/usr/X11R6/lib32 -L/usr/lib64 -lXmu -lXi -lGL -lXext -lX11 
/usr/sbin/ld: skipping incompatible /usr/lib64/libXmu.so when searching for -lXmu
/usr/sbin/ld: skipping incompatible /usr/lib64/libXi.so when searching for -lXi
/usr/sbin/ld: skipping incompatible /usr/lib64/libGL.so when searching for -lGL
/usr/sbin/ld: skipping incompatible /usr/lib64/libXext.so when searching for -lXext
/usr/sbin/ld: skipping incompatible /usr/lib64/libX11.so when searching for -lX11
/usr/sbin/ld: skipping incompatible /usr/lib64/libgcc_s.so.1 when searching for libgcc_s.so.1
/usr/sbin/ld: skipping incompatible /usr/lib64/libgcc_s.so.1 when searching for libgcc_s.so.1
/usr/sbin/ld: skipping incompatible /usr/lib64/libc.so when searching for -lc
/usr/sbin/ld: skipping incompatible /usr/lib64/libc.a when searching for -lc
/usr/sbin/ld: skipping incompatible /usr/lib64/libgcc_s.so.1 when searching for libgcc_s.so.1
/usr/sbin/ld: skipping incompatible /usr/lib64/libgcc_s.so.1 when searching for libgcc_s.so.1
ln -sf libGLEW.so.1.10.0 lib/libGLEW.so.1.10
ln -sf libGLEW.so.1.10.0 lib/libGLEW.so
strip -x lib/libGLEW.so.1.10.0
gcc -m32 -DGLEW_NO_GLU -DGLEW_STATIC -O2 -Wall -W -Iinclude -fPIC  -o tmp/linux/default/static/glew.o -c src/glew.c
src/glew.c: In function ‘_glewStrSame1’:
src/glew.c:219:29: warning: the comparison will always evaluate as ‘true’ for the pointer operand in ‘*a + (sizetype)i’ must not be NULL [-Waddress]
  219 |     while (i < nb && (*a)+i != NULL && b+i != NULL && (*a)[i] == b[i]) i++;
      |                             ^~
src/glew.c:219:44: warning: the comparison will always evaluate as ‘true’ for the pointer operand in ‘b + (sizetype)i’ must not be NULL [-Waddress]
  219 |     while (i < nb && (*a)+i != NULL && b+i != NULL && (*a)[i] == b[i]) i++;
      |                                            ^~
src/glew.c: In function ‘_glewStrSame2’:
src/glew.c:235:29: warning: the comparison will always evaluate as ‘true’ for the pointer operand in ‘*a + (sizetype)i’ must not be NULL [-Waddress]
  235 |     while (i < nb && (*a)+i != NULL && b+i != NULL && (*a)[i] == b[i]) i++;
      |                             ^~
src/glew.c:235:44: warning: the comparison will always evaluate as ‘true’ for the pointer operand in ‘b + (sizetype)i’ must not be NULL [-Waddress]
  235 |     while (i < nb && (*a)+i != NULL && b+i != NULL && (*a)[i] == b[i]) i++;
      |                                            ^~
src/glew.c: In function ‘_glewStrSame3’:
src/glew.c:251:29: warning: the comparison will always evaluate as ‘true’ for the pointer operand in ‘*a + (sizetype)i’ must not be NULL [-Waddress]
  251 |     while (i < nb && (*a)+i != NULL && b+i != NULL && (*a)[i] == b[i]) i++;
      |                             ^~
src/glew.c:251:44: warning: the comparison will always evaluate as ‘true’ for the pointer operand in ‘b + (sizetype)i’ must not be NULL [-Waddress]
  251 |     while (i < nb && (*a)+i != NULL && b+i != NULL && (*a)[i] == b[i]) i++;
      |                                            ^~
ar cr lib/libGLEW.a tmp/linux/default/static/glew.o
strip -x lib/libGLEW.a
sed \
	-e "s|@prefix@|/workspace/build/lib32-glew1.10/pkg/lib32-glew1.10/usr|g" \
	-e "s|@libdir@|/workspace/build/lib32-glew1.10/pkg/lib32-glew1.10/usr/lib32|g" \
	-e "s|@exec_prefix@|/workspace/build/lib32-glew1.10/pkg/lib32-glew1.10/usr/bin|g" \
	-e "s|@includedir@|/workspace/build/lib32-glew1.10/pkg/lib32-glew1.10/usr/include/GL|g" \
	-e "s|@version@|1.10.0|g" \
	-e "s|@cflags@||g" \
	-e "s|@libname@|GLEW|g" \
	< glew.pc.in > glew.pc
install -d -m 0755 /workspace/build/lib32-glew1.10/pkg/lib32-glew1.10/usr/lib32
install -m 0644 lib/libGLEW.so.1.10.0 /workspace/build/lib32-glew1.10/pkg/lib32-glew1.10/usr/lib32/
ln -sf libGLEW.so.1.10.0 /workspace/build/lib32-glew1.10/pkg/lib32-glew1.10/usr/lib32/libGLEW.so.1.10
ln -sf libGLEW.so.1.10.0 /workspace/build/lib32-glew1.10/pkg/lib32-glew1.10/usr/lib32/libGLEW.so
install -m 0644 lib/libGLEW.a /workspace/build/lib32-glew1.10/pkg/lib32-glew1.10/usr/lib32/
install -d -m 0755 /workspace/build/lib32-glew1.10/pkg/lib32-glew1.10/usr/lib32
install -d -m 0755 /workspace/build/lib32-glew1.10/pkg/lib32-glew1.10/usr/lib32/pkgconfig
install -m 0644 glew.pc /workspace/build/lib32-glew1.10/pkg/lib32-glew1.10/usr/lib32/pkgconfig/
==> Tidying install...
  -> Removing libtool files...
  -> Purging unwanted files...
  -> Removing static library files...
  -> Stripping unneeded symbols from binaries and libraries...
  -> Compressing man and info pages...
==> Checking for packaging issues...
==> Creating package "lib32-glew1.10"...
  -> Generating .PKGINFO file...
  -> Generating .BUILDINFO file...
  -> Generating .MTREE file...
  -> Compressing package...
==> Creating package "lib32-glew1.10-debug"...
  -> Generating .PKGINFO file...
  -> Generating .BUILDINFO file...
  -> Generating .MTREE file...
  -> Compressing package...
==> Leaving fakeroot environment.
==> Finished making: lib32-glew1.10 1.10.0-6 (Fri Oct 31 21:17:17 2025)
==> Installing package lib32-glew1.10 with pacman -U...
loading packages...
resolving dependencies...
looking for conflicting packages...

Package (2)           New Version  Net Change

lib32-glew1.10        1.10.0-6       0.49 MiB
lib32-glew1.10-debug  1.10.0-6       0.12 MiB

Total Installed Size:  0.60 MiB

:: Proceed with installation? [Y/n] 
checking keyring...
checking package integrity...
loading package files...
checking for file conflicts...
:: Processing package changes...
installing lib32-glew1.10...
installing lib32-glew1.10-debug...
:: Running post-transaction hooks...
(1/1) Arming ConditionNeedsUpdate...
