Cloning into 'lib32-libpng12'...
Already up to date.
gpg: key F54984BFA16C640F: "Glenn Randers-Pehrson (mozilla) <glennrp+bmo@gmail.com>" not changed
gpg: Total number processed: 1
gpg:              unchanged: 1
==> Making package: lib32-libpng12 1.2.59-3 (Fri Oct 31 21:27:13 2025)
==> Checking runtime dependencies...
==> Checking buildtime dependencies...
==> Retrieving sources...
  -> Downloading libpng-1.2.59.tar.xz...
  % Total    % Received % Xferd  Average Speed   Time    Time     Time  Current
                                 Dload  Upload   Total   Spent    Left  Speed
  0     0    0     0    0     0      0      0 --:--:-- --:--:-- --:--:--     0  0     0    0     0    0     0      0      0 --:--:-- --:--:-- --:--:--     0100   394  100   394    0     0    717      0 --:--:-- --:--:-- --:--:--   717
100   641  100   641    0     0    833      0 --:--:-- --:--:-- --:--:--   833
100   383  100   383    0     0    372      0  0:00:01  0:00:01 --:--:--   372
 44  642k   44  287k    0     0   239k      0  0:00:02  0:00:01  0:00:01  239k100  642k  100  642k    0     0   513k      0  0:00:01  0:00:01 --:--:-- 7229k
  -> Downloading libpng-1.2.59.tar.xz.asc...
  % Total    % Received % Xferd  Average Speed   Time    Time     Time  Current
                                 Dload  Upload   Total   Spent    Left  Speed
  0     0    0     0    0     0      0      0 --:--:-- --:--:-- --:--:--     0100   402  100   402    0     0    672      0 --:--:-- --:--:-- --:--:--   672
100   649  100   649    0     0    799      0 --:--:-- --:--:-- --:--:--   799
  0     0    0     0    0     0      0      0 --:--:--  0:00:01 --:--:--     0100   391  100   391    0     0    373      0  0:00:01  0:00:01 --:--:-- 12612
100   819  100   819    0     0    645      0  0:00:01  0:00:01 --:--:--   645
  -> Downloading libpng-1.2.59-apng.patch.gz...
  % Total    % Received % Xferd  Average Speed   Time    Time     Time  Current
                                 Dload  Upload   Total   Spent    Left  Speed
  0     0    0     0    0     0      0      0 --:--:-- --:--:-- --:--:--     0100   402  100   402    0     0   1453      0 --:--:-- --:--:-- --:--:--  1456
100   418  100   418    0     0    814      0 --:--:-- --:--:-- --:--:--   814
  0   665    0     0    0     0      0      0 --:--:-- --:--:-- --:--:--     0100   665  100   665    0     0    899      0 --:--:-- --:--:-- --:--:--  649k
100   407  100   407    0     0    415      0 --:--:-- --:--:-- --:--:--   415
100 10735  100 10735    0     0  10168      0  0:00:01  0:00:01 --:--:-- 10168
==> Validating source files with sha256sums...
    libpng-1.2.59.tar.xz ... Passed
    libpng-1.2.59.tar.xz.asc ... Skipped
    libpng-1.2.59-apng.patch.gz ... Passed
==> Verifying source file signatures with gpg...
    libpng-1.2.59.tar.xz ... Passed (WARNING: the key has expired.)
==> WARNING: Warnings have occurred while verifying the signatures.
    Please make sure you really trust them.
==> Extracting sources...
  -> Extracting libpng-1.2.59.tar.xz with bsdtar
  -> Extracting libpng-1.2.59-apng.patch.gz with gzip
==> Starting prepare()...
patching file png.c
patching file png.h
patching file pngconf.h
patching file pngget.c
patching file pngpread.c
patching file pngread.c
patching file pngrtran.c
patching file pngrutil.c
patching file pngset.c
patching file pngtest.c
patching file pngwrite.c
patching file pngwutil.c
libtoolize: putting auxiliary files in '.'.
libtoolize: copying file './ltmain.sh'
libtoolize: You should add the contents of the following files to 'aclocal.m4':
libtoolize:   '/usr/share/aclocal/libtool.m4'
libtoolize:   '/usr/share/aclocal/ltoptions.m4'
libtoolize:   '/usr/share/aclocal/ltversion.m4'
libtoolize: Consider adding 'AC_CONFIG_MACRO_DIRS([m4])' to configure.ac,
libtoolize: and rerunning libtoolize and aclocal.
libtoolize: Consider adding '-I m4' to ACLOCAL_AMFLAGS in Makefile.am.
configure.ac:38: warning: The macro 'AC_PROG_LD' is obsolete.
configure.ac:38: You should run autoupdate.
aclocal.m4:3565: AC_PROG_LD is expanded from...
configure.ac:38: the top level
configure.ac:41: warning: The macro 'AC_LIBTOOL_WIN32_DLL' is obsolete.
configure.ac:41: You should run autoupdate.
aclocal.m4:9017: AC_LIBTOOL_WIN32_DLL is expanded from...
configure.ac:41: the top level
configure.ac:41: warning: AC_LIBTOOL_WIN32_DLL: Remove this warning and the call to _LT_SET_OPTION when you
configure.ac:41: put the 'win32-dll' option into LT_INIT's first parameter.
./lib/autoconf/general.m4:2434: AC_DIAGNOSE is expanded from...
aclocal.m4:9017: AC_LIBTOOL_WIN32_DLL is expanded from...
configure.ac:41: the top level
configure.ac:45: warning: The macro 'AC_PROG_LIBTOOL' is obsolete.
configure.ac:45: You should run autoupdate.
aclocal.m4:122: AC_PROG_LIBTOOL is expanded from...
configure.ac:45: the top level
configure.ac:48: warning: The macro 'AC_HEADER_STDC' is obsolete.
configure.ac:48: You should run autoupdate.
./lib/autoconf/headers.m4:663: AC_HEADER_STDC is expanded from...
configure.ac:48: the top level
configure.ac:58: warning: The macro 'AC_ERROR' is obsolete.
configure.ac:58: You should run autoupdate.
./lib/autoconf/oldnames.m4:34: AC_ERROR is expanded from...
configure.ac:58: the top level
configure.ac:59: warning: The macro 'AC_ERROR' is obsolete.
configure.ac:59: You should run autoupdate.
./lib/autoconf/oldnames.m4:34: AC_ERROR is expanded from...
configure.ac:59: the top level
configure.ac:60: warning: The macro 'AC_ERROR' is obsolete.
configure.ac:60: You should run autoupdate.
./lib/autoconf/oldnames.m4:34: AC_ERROR is expanded from...
configure.ac:60: the top level
configure.ac:70: warning: The macro 'AC_TRY_COMPILE' is obsolete.
configure.ac:70: You should run autoupdate.
./lib/autoconf/general.m4:2845: AC_TRY_COMPILE is expanded from...
configure.ac:70: the top level
configure.ac:112: warning: The macro 'AC_HELP_STRING' is obsolete.
configure.ac:112: You should run autoupdate.
./lib/autoconf/general.m4:204: AC_HELP_STRING is expanded from...
configure.ac:112: the top level
configure.ac:122: warning: The macro 'AC_HELP_STRING' is obsolete.
configure.ac:122: You should run autoupdate.
./lib/autoconf/general.m4:204: AC_HELP_STRING is expanded from...
configure.ac:122: the top level
configure.ac:137: warning: The macro 'AC_HELP_STRING' is obsolete.
configure.ac:137: You should run autoupdate.
./lib/autoconf/general.m4:204: AC_HELP_STRING is expanded from...
configure.ac:137: the top level
configure.ac:37: installing './compile'
configure.ac:22: installing './missing'
Makefile.am: installing './depcomp'
==> Starting build()...
checking for a BSD-compatible install... /usr/bin/install -c
checking whether sleep supports fractional seconds... yes
checking filesystem timestamp resolution... 0.01
checking whether build environment is sane... yes
checking for a race-free mkdir -p... /usr/sbin/mkdir -p
checking for gawk... gawk
checking whether make sets $(MAKE)... yes
checking whether make supports nested variables... yes
checking xargs -n works... yes
checking whether UID '1000' is supported by ustar format... yes
checking whether GID '1000' is supported by ustar format... yes
checking how to create a ustar tar archive... gnutar
checking whether to enable maintainer-specific portions of Makefiles... no
checking for gcc... gcc -m32
checking whether the C compiler works... yes
checking for C compiler default output file name... a.out
checking for suffix of executables... 
checking whether we are cross compiling... no
checking for suffix of object files... o
checking whether the compiler supports GNU C... yes
checking whether gcc -m32 accepts -g... yes
checking for gcc -m32 option to enable C11 features... none needed
checking whether gcc -m32 understands -c and -o together... yes
checking whether make supports the include directive... yes (GNU style)
checking dependency style of gcc -m32... gcc3
checking build system type... x86_64-unknown-linux-gnu
checking host system type... x86_64-unknown-linux-gnu
checking for a sed that does not truncate output... /usr/sbin/sed
checking for grep that handles long lines and -e... /usr/sbin/grep
checking for egrep... /usr/sbin/grep -E
checking for fgrep... /usr/sbin/grep -F
checking how to print strings... printf
checking for ld used by gcc -m32... /usr/sbin/ld
checking if the linker (/usr/sbin/ld) is GNU ld... yes
checking how to run the C preprocessor... gcc -m32 -E
checking for sed... /usr/sbin/sed
checking whether ln -s works... yes
checking whether make sets $(MAKE)... (cached) yes
checking for BSD- or MS-compatible name lister (nm)... /usr/sbin/nm -B
checking the name lister (/usr/sbin/nm -B) interface... BSD nm
checking the maximum length of command line arguments... 1572864
checking how to convert x86_64-unknown-linux-gnu file names to x86_64-unknown-linux-gnu format... func_convert_file_noop
checking how to convert x86_64-unknown-linux-gnu file names to toolchain format... func_convert_file_noop
checking for /usr/sbin/ld option to reload object files... -r
checking for file... file
checking for objdump... objdump
checking how to recognize dependent libraries... pass_all
checking for dlltool... dlltool
checking how to associate runtime and link libraries... printf %s\n
checking for ranlib... ranlib
checking for ar... ar
checking for archiver @FILE support... @
checking for strip... strip
checking command to parse /usr/sbin/nm -B output from gcc -m32 object... ok
checking for sysroot... no
checking for a working dd... /usr/sbin/dd
checking how to truncate binary pipes... /usr/sbin/dd bs=4096 count=1
checking for mt... no
checking if : is a manifest tool... no
checking for stdio.h... yes
checking for stdlib.h... yes
checking for string.h... yes
checking for inttypes.h... yes
checking for stdint.h... yes
checking for strings.h... yes
checking for sys/stat.h... yes
checking for sys/types.h... yes
checking for unistd.h... yes
checking for dlfcn.h... yes
checking which variant of shared library versioning to provide... (default) aix
checking for objdir... .libs
checking if gcc -m32 supports -fno-rtti -fno-exceptions... no
checking for gcc -m32 option to produce PIC... -fPIC -DPIC
checking if gcc -m32 PIC flag -fPIC -DPIC works... yes
checking if gcc -m32 static flag -static works... yes
checking if gcc -m32 supports -c -o file.o... yes
checking if gcc -m32 supports -c -o file.o... (cached) yes
checking whether the gcc -m32 linker (/usr/sbin/ld -m elf_i386) supports shared libraries... yes
checking whether -lc should be explicitly linked in... no
checking dynamic linker characteristics... GNU/Linux ld.so
checking how to hardcode library paths into programs... immediate
checking whether stripping libraries is possible... yes
checking if libtool supports shared libraries... yes
checking whether to build shared libraries... yes
checking whether to build static libraries... yes
checking for egrep... (cached) /usr/sbin/grep -E
checking for malloc.h... yes
checking for stdlib.h... (cached) yes
checking for string.h... (cached) yes
checking for strings.h... (cached) yes
checking for an ANSI C-conforming const... yes
checking for size_t... yes
checking whether struct tm is in sys/time.h or time.h... time.h
checking for working strtod... yes
checking for memset... yes
checking for pow... no
checking for pow in -lm... yes
checking for zlibVersion in -lz... yes
checking if assembler code in pnggccrd.c can be compiled without PNG_NO_MMX_CODE... yes
checking if libraries can be versioned... yes
checking for symbol prefix... 
configure: pkgconfig directory is ${libdir}/pkgconfig
checking that generated files are newer than configure... done
configure: creating ./config.status
config.status: creating Makefile
config.status: creating libpng.pc
config.status: creating libpng-config
config.status: creating config.h
config.status: executing depfiles commands
config.status: executing libtool commands
make  all-am
make[1]: Entering directory '/workspace/build/lib32-libpng12/src/libpng-1.2.59'
/bin/sh ./libtool  --tag=CC   --mode=compile gcc -m32 -DHAVE_CONFIG_H -I.  -DPNG_CONFIGURE_LIBPNG    -march=x86-64 -mtune=generic -O2 -pipe -fno-plt -fexceptions         -Wp,-D_FORTIFY_SOURCE=3 -Wformat -Werror=format-security         -fstack-clash-protection -fcf-protection         -fno-omit-frame-pointer -mno-omit-leaf-frame-pointer -flto=auto -MT libpng12_la-png.lo -MD -MP -MF .deps/libpng12_la-png.Tpo -c -o libpng12_la-png.lo `test -f 'png.c' || echo './'`png.c
libtool: compile:  gcc -m32 -DHAVE_CONFIG_H -I. -DPNG_CONFIGURE_LIBPNG -march=x86-64 -mtune=generic -O2 -pipe -fno-plt -fexceptions -Wp,-D_FORTIFY_SOURCE=3 -Wformat -Werror=format-security -fstack-clash-protection -fcf-protection -fno-omit-frame-pointer -mno-omit-leaf-frame-pointer -flto=auto -MT libpng12_la-png.lo -MD -MP -MF .deps/libpng12_la-png.Tpo -c png.c  -fPIC -DPIC -o .libs/libpng12_la-png.o
libtool: compile:  gcc -m32 -DHAVE_CONFIG_H -I. -DPNG_CONFIGURE_LIBPNG -march=x86-64 -mtune=generic -O2 -pipe -fno-plt -fexceptions -Wp,-D_FORTIFY_SOURCE=3 -Wformat -Werror=format-security -fstack-clash-protection -fcf-protection -fno-omit-frame-pointer -mno-omit-leaf-frame-pointer -flto=auto -MT libpng12_la-png.lo -MD -MP -MF .deps/libpng12_la-png.Tpo -c png.c -o libpng12_la-png.o >/dev/null 2>&1
mv -f .deps/libpng12_la-png.Tpo .deps/libpng12_la-png.Plo
/bin/sh ./libtool  --tag=CC   --mode=compile gcc -m32 -DHAVE_CONFIG_H -I.  -DPNG_CONFIGURE_LIBPNG    -march=x86-64 -mtune=generic -O2 -pipe -fno-plt -fexceptions         -Wp,-D_FORTIFY_SOURCE=3 -Wformat -Werror=format-security         -fstack-clash-protection -fcf-protection         -fno-omit-frame-pointer -mno-omit-leaf-frame-pointer -flto=auto -MT libpng12_la-pngset.lo -MD -MP -MF .deps/libpng12_la-pngset.Tpo -c -o libpng12_la-pngset.lo `test -f 'pngset.c' || echo './'`pngset.c
libtool: compile:  gcc -m32 -DHAVE_CONFIG_H -I. -DPNG_CONFIGURE_LIBPNG -march=x86-64 -mtune=generic -O2 -pipe -fno-plt -fexceptions -Wp,-D_FORTIFY_SOURCE=3 -Wformat -Werror=format-security -fstack-clash-protection -fcf-protection -fno-omit-frame-pointer -mno-omit-leaf-frame-pointer -flto=auto -MT libpng12_la-pngset.lo -MD -MP -MF .deps/libpng12_la-pngset.Tpo -c pngset.c  -fPIC -DPIC -o .libs/libpng12_la-pngset.o
libtool: compile:  gcc -m32 -DHAVE_CONFIG_H -I. -DPNG_CONFIGURE_LIBPNG -march=x86-64 -mtune=generic -O2 -pipe -fno-plt -fexceptions -Wp,-D_FORTIFY_SOURCE=3 -Wformat -Werror=format-security -fstack-clash-protection -fcf-protection -fno-omit-frame-pointer -mno-omit-leaf-frame-pointer -flto=auto -MT libpng12_la-pngset.lo -MD -MP -MF .deps/libpng12_la-pngset.Tpo -c pngset.c -o libpng12_la-pngset.o >/dev/null 2>&1
mv -f .deps/libpng12_la-pngset.Tpo .deps/libpng12_la-pngset.Plo
/bin/sh ./libtool  --tag=CC   --mode=compile gcc -m32 -DHAVE_CONFIG_H -I.  -DPNG_CONFIGURE_LIBPNG    -march=x86-64 -mtune=generic -O2 -pipe -fno-plt -fexceptions         -Wp,-D_FORTIFY_SOURCE=3 -Wformat -Werror=format-security         -fstack-clash-protection -fcf-protection         -fno-omit-frame-pointer -mno-omit-leaf-frame-pointer -flto=auto -MT libpng12_la-pngget.lo -MD -MP -MF .deps/libpng12_la-pngget.Tpo -c -o libpng12_la-pngget.lo `test -f 'pngget.c' || echo './'`pngget.c
libtool: compile:  gcc -m32 -DHAVE_CONFIG_H -I. -DPNG_CONFIGURE_LIBPNG -march=x86-64 -mtune=generic -O2 -pipe -fno-plt -fexceptions -Wp,-D_FORTIFY_SOURCE=3 -Wformat -Werror=format-security -fstack-clash-protection -fcf-protection -fno-omit-frame-pointer -mno-omit-leaf-frame-pointer -flto=auto -MT libpng12_la-pngget.lo -MD -MP -MF .deps/libpng12_la-pngget.Tpo -c pngget.c  -fPIC -DPIC -o .libs/libpng12_la-pngget.o
libtool: compile:  gcc -m32 -DHAVE_CONFIG_H -I. -DPNG_CONFIGURE_LIBPNG -march=x86-64 -mtune=generic -O2 -pipe -fno-plt -fexceptions -Wp,-D_FORTIFY_SOURCE=3 -Wformat -Werror=format-security -fstack-clash-protection -fcf-protection -fno-omit-frame-pointer -mno-omit-leaf-frame-pointer -flto=auto -MT libpng12_la-pngget.lo -MD -MP -MF .deps/libpng12_la-pngget.Tpo -c pngget.c -o libpng12_la-pngget.o >/dev/null 2>&1
mv -f .deps/libpng12_la-pngget.Tpo .deps/libpng12_la-pngget.Plo
/bin/sh ./libtool  --tag=CC   --mode=compile gcc -m32 -DHAVE_CONFIG_H -I.  -DPNG_CONFIGURE_LIBPNG    -march=x86-64 -mtune=generic -O2 -pipe -fno-plt -fexceptions         -Wp,-D_FORTIFY_SOURCE=3 -Wformat -Werror=format-security         -fstack-clash-protection -fcf-protection         -fno-omit-frame-pointer -mno-omit-leaf-frame-pointer -flto=auto -MT libpng12_la-pngrutil.lo -MD -MP -MF .deps/libpng12_la-pngrutil.Tpo -c -o libpng12_la-pngrutil.lo `test -f 'pngrutil.c' || echo './'`pngrutil.c
libtool: compile:  gcc -m32 -DHAVE_CONFIG_H -I. -DPNG_CONFIGURE_LIBPNG -march=x86-64 -mtune=generic -O2 -pipe -fno-plt -fexceptions -Wp,-D_FORTIFY_SOURCE=3 -Wformat -Werror=format-security -fstack-clash-protection -fcf-protection -fno-omit-frame-pointer -mno-omit-leaf-frame-pointer -flto=auto -MT libpng12_la-pngrutil.lo -MD -MP -MF .deps/libpng12_la-pngrutil.Tpo -c pngrutil.c  -fPIC -DPIC -o .libs/libpng12_la-pngrutil.o
libtool: compile:  gcc -m32 -DHAVE_CONFIG_H -I. -DPNG_CONFIGURE_LIBPNG -march=x86-64 -mtune=generic -O2 -pipe -fno-plt -fexceptions -Wp,-D_FORTIFY_SOURCE=3 -Wformat -Werror=format-security -fstack-clash-protection -fcf-protection -fno-omit-frame-pointer -mno-omit-leaf-frame-pointer -flto=auto -MT libpng12_la-pngrutil.lo -MD -MP -MF .deps/libpng12_la-pngrutil.Tpo -c pngrutil.c -o libpng12_la-pngrutil.o >/dev/null 2>&1
mv -f .deps/libpng12_la-pngrutil.Tpo .deps/libpng12_la-pngrutil.Plo
/bin/sh ./libtool  --tag=CC   --mode=compile gcc -m32 -DHAVE_CONFIG_H -I.  -DPNG_CONFIGURE_LIBPNG    -march=x86-64 -mtune=generic -O2 -pipe -fno-plt -fexceptions         -Wp,-D_FORTIFY_SOURCE=3 -Wformat -Werror=format-security         -fstack-clash-protection -fcf-protection         -fno-omit-frame-pointer -mno-omit-leaf-frame-pointer -flto=auto -MT libpng12_la-pngtrans.lo -MD -MP -MF .deps/libpng12_la-pngtrans.Tpo -c -o libpng12_la-pngtrans.lo `test -f 'pngtrans.c' || echo './'`pngtrans.c
libtool: compile:  gcc -m32 -DHAVE_CONFIG_H -I. -DPNG_CONFIGURE_LIBPNG -march=x86-64 -mtune=generic -O2 -pipe -fno-plt -fexceptions -Wp,-D_FORTIFY_SOURCE=3 -Wformat -Werror=format-security -fstack-clash-protection -fcf-protection -fno-omit-frame-pointer -mno-omit-leaf-frame-pointer -flto=auto -MT libpng12_la-pngtrans.lo -MD -MP -MF .deps/libpng12_la-pngtrans.Tpo -c pngtrans.c  -fPIC -DPIC -o .libs/libpng12_la-pngtrans.o
libtool: compile:  gcc -m32 -DHAVE_CONFIG_H -I. -DPNG_CONFIGURE_LIBPNG -march=x86-64 -mtune=generic -O2 -pipe -fno-plt -fexceptions -Wp,-D_FORTIFY_SOURCE=3 -Wformat -Werror=format-security -fstack-clash-protection -fcf-protection -fno-omit-frame-pointer -mno-omit-leaf-frame-pointer -flto=auto -MT libpng12_la-pngtrans.lo -MD -MP -MF .deps/libpng12_la-pngtrans.Tpo -c pngtrans.c -o libpng12_la-pngtrans.o >/dev/null 2>&1
mv -f .deps/libpng12_la-pngtrans.Tpo .deps/libpng12_la-pngtrans.Plo
/bin/sh ./libtool  --tag=CC   --mode=compile gcc -m32 -DHAVE_CONFIG_H -I.  -DPNG_CONFIGURE_LIBPNG    -march=x86-64 -mtune=generic -O2 -pipe -fno-plt -fexceptions         -Wp,-D_FORTIFY_SOURCE=3 -Wformat -Werror=format-security         -fstack-clash-protection -fcf-protection         -fno-omit-frame-pointer -mno-omit-leaf-frame-pointer -flto=auto -MT libpng12_la-pngwutil.lo -MD -MP -MF .deps/libpng12_la-pngwutil.Tpo -c -o libpng12_la-pngwutil.lo `test -f 'pngwutil.c' || echo './'`pngwutil.c
libtool: compile:  gcc -m32 -DHAVE_CONFIG_H -I. -DPNG_CONFIGURE_LIBPNG -march=x86-64 -mtune=generic -O2 -pipe -fno-plt -fexceptions -Wp,-D_FORTIFY_SOURCE=3 -Wformat -Werror=format-security -fstack-clash-protection -fcf-protection -fno-omit-frame-pointer -mno-omit-leaf-frame-pointer -flto=auto -MT libpng12_la-pngwutil.lo -MD -MP -MF .deps/libpng12_la-pngwutil.Tpo -c pngwutil.c  -fPIC -DPIC -o .libs/libpng12_la-pngwutil.o
libtool: compile:  gcc -m32 -DHAVE_CONFIG_H -I. -DPNG_CONFIGURE_LIBPNG -march=x86-64 -mtune=generic -O2 -pipe -fno-plt -fexceptions -Wp,-D_FORTIFY_SOURCE=3 -Wformat -Werror=format-security -fstack-clash-protection -fcf-protection -fno-omit-frame-pointer -mno-omit-leaf-frame-pointer -flto=auto -MT libpng12_la-pngwutil.lo -MD -MP -MF .deps/libpng12_la-pngwutil.Tpo -c pngwutil.c -o libpng12_la-pngwutil.o >/dev/null 2>&1
mv -f .deps/libpng12_la-pngwutil.Tpo .deps/libpng12_la-pngwutil.Plo
/bin/sh ./libtool  --tag=CC   --mode=compile gcc -m32 -DHAVE_CONFIG_H -I.  -DPNG_CONFIGURE_LIBPNG    -march=x86-64 -mtune=generic -O2 -pipe -fno-plt -fexceptions         -Wp,-D_FORTIFY_SOURCE=3 -Wformat -Werror=format-security         -fstack-clash-protection -fcf-protection         -fno-omit-frame-pointer -mno-omit-leaf-frame-pointer -flto=auto -MT libpng12_la-pngread.lo -MD -MP -MF .deps/libpng12_la-pngread.Tpo -c -o libpng12_la-pngread.lo `test -f 'pngread.c' || echo './'`pngread.c
libtool: compile:  gcc -m32 -DHAVE_CONFIG_H -I. -DPNG_CONFIGURE_LIBPNG -march=x86-64 -mtune=generic -O2 -pipe -fno-plt -fexceptions -Wp,-D_FORTIFY_SOURCE=3 -Wformat -Werror=format-security -fstack-clash-protection -fcf-protection -fno-omit-frame-pointer -mno-omit-leaf-frame-pointer -flto=auto -MT libpng12_la-pngread.lo -MD -MP -MF .deps/libpng12_la-pngread.Tpo -c pngread.c  -fPIC -DPIC -o .libs/libpng12_la-pngread.o
libtool: compile:  gcc -m32 -DHAVE_CONFIG_H -I. -DPNG_CONFIGURE_LIBPNG -march=x86-64 -mtune=generic -O2 -pipe -fno-plt -fexceptions -Wp,-D_FORTIFY_SOURCE=3 -Wformat -Werror=format-security -fstack-clash-protection -fcf-protection -fno-omit-frame-pointer -mno-omit-leaf-frame-pointer -flto=auto -MT libpng12_la-pngread.lo -MD -MP -MF .deps/libpng12_la-pngread.Tpo -c pngread.c -o libpng12_la-pngread.o >/dev/null 2>&1
mv -f .deps/libpng12_la-pngread.Tpo .deps/libpng12_la-pngread.Plo
/bin/sh ./libtool  --tag=CC   --mode=compile gcc -m32 -DHAVE_CONFIG_H -I.  -DPNG_CONFIGURE_LIBPNG    -march=x86-64 -mtune=generic -O2 -pipe -fno-plt -fexceptions         -Wp,-D_FORTIFY_SOURCE=3 -Wformat -Werror=format-security         -fstack-clash-protection -fcf-protection         -fno-omit-frame-pointer -mno-omit-leaf-frame-pointer -flto=auto -MT libpng12_la-pngrio.lo -MD -MP -MF .deps/libpng12_la-pngrio.Tpo -c -o libpng12_la-pngrio.lo `test -f 'pngrio.c' || echo './'`pngrio.c
libtool: compile:  gcc -m32 -DHAVE_CONFIG_H -I. -DPNG_CONFIGURE_LIBPNG -march=x86-64 -mtune=generic -O2 -pipe -fno-plt -fexceptions -Wp,-D_FORTIFY_SOURCE=3 -Wformat -Werror=format-security -fstack-clash-protection -fcf-protection -fno-omit-frame-pointer -mno-omit-leaf-frame-pointer -flto=auto -MT libpng12_la-pngrio.lo -MD -MP -MF .deps/libpng12_la-pngrio.Tpo -c pngrio.c  -fPIC -DPIC -o .libs/libpng12_la-pngrio.o
libtool: compile:  gcc -m32 -DHAVE_CONFIG_H -I. -DPNG_CONFIGURE_LIBPNG -march=x86-64 -mtune=generic -O2 -pipe -fno-plt -fexceptions -Wp,-D_FORTIFY_SOURCE=3 -Wformat -Werror=format-security -fstack-clash-protection -fcf-protection -fno-omit-frame-pointer -mno-omit-leaf-frame-pointer -flto=auto -MT libpng12_la-pngrio.lo -MD -MP -MF .deps/libpng12_la-pngrio.Tpo -c pngrio.c -o libpng12_la-pngrio.o >/dev/null 2>&1
mv -f .deps/libpng12_la-pngrio.Tpo .deps/libpng12_la-pngrio.Plo
/bin/sh ./libtool  --tag=CC   --mode=compile gcc -m32 -DHAVE_CONFIG_H -I.  -DPNG_CONFIGURE_LIBPNG    -march=x86-64 -mtune=generic -O2 -pipe -fno-plt -fexceptions         -Wp,-D_FORTIFY_SOURCE=3 -Wformat -Werror=format-security         -fstack-clash-protection -fcf-protection         -fno-omit-frame-pointer -mno-omit-leaf-frame-pointer -flto=auto -MT libpng12_la-pngwio.lo -MD -MP -MF .deps/libpng12_la-pngwio.Tpo -c -o libpng12_la-pngwio.lo `test -f 'pngwio.c' || echo './'`pngwio.c
libtool: compile:  gcc -m32 -DHAVE_CONFIG_H -I. -DPNG_CONFIGURE_LIBPNG -march=x86-64 -mtune=generic -O2 -pipe -fno-plt -fexceptions -Wp,-D_FORTIFY_SOURCE=3 -Wformat -Werror=format-security -fstack-clash-protection -fcf-protection -fno-omit-frame-pointer -mno-omit-leaf-frame-pointer -flto=auto -MT libpng12_la-pngwio.lo -MD -MP -MF .deps/libpng12_la-pngwio.Tpo -c pngwio.c  -fPIC -DPIC -o .libs/libpng12_la-pngwio.o
libtool: compile:  gcc -m32 -DHAVE_CONFIG_H -I. -DPNG_CONFIGURE_LIBPNG -march=x86-64 -mtune=generic -O2 -pipe -fno-plt -fexceptions -Wp,-D_FORTIFY_SOURCE=3 -Wformat -Werror=format-security -fstack-clash-protection -fcf-protection -fno-omit-frame-pointer -mno-omit-leaf-frame-pointer -flto=auto -MT libpng12_la-pngwio.lo -MD -MP -MF .deps/libpng12_la-pngwio.Tpo -c pngwio.c -o libpng12_la-pngwio.o >/dev/null 2>&1
mv -f .deps/libpng12_la-pngwio.Tpo .deps/libpng12_la-pngwio.Plo
/bin/sh ./libtool  --tag=CC   --mode=compile gcc -m32 -DHAVE_CONFIG_H -I.  -DPNG_CONFIGURE_LIBPNG    -march=x86-64 -mtune=generic -O2 -pipe -fno-plt -fexceptions         -Wp,-D_FORTIFY_SOURCE=3 -Wformat -Werror=format-security         -fstack-clash-protection -fcf-protection         -fno-omit-frame-pointer -mno-omit-leaf-frame-pointer -flto=auto -MT libpng12_la-pngwrite.lo -MD -MP -MF .deps/libpng12_la-pngwrite.Tpo -c -o libpng12_la-pngwrite.lo `test -f 'pngwrite.c' || echo './'`pngwrite.c
libtool: compile:  gcc -m32 -DHAVE_CONFIG_H -I. -DPNG_CONFIGURE_LIBPNG -march=x86-64 -mtune=generic -O2 -pipe -fno-plt -fexceptions -Wp,-D_FORTIFY_SOURCE=3 -Wformat -Werror=format-security -fstack-clash-protection -fcf-protection -fno-omit-frame-pointer -mno-omit-leaf-frame-pointer -flto=auto -MT libpng12_la-pngwrite.lo -MD -MP -MF .deps/libpng12_la-pngwrite.Tpo -c pngwrite.c  -fPIC -DPIC -o .libs/libpng12_la-pngwrite.o
libtool: compile:  gcc -m32 -DHAVE_CONFIG_H -I. -DPNG_CONFIGURE_LIBPNG -march=x86-64 -mtune=generic -O2 -pipe -fno-plt -fexceptions -Wp,-D_FORTIFY_SOURCE=3 -Wformat -Werror=format-security -fstack-clash-protection -fcf-protection -fno-omit-frame-pointer -mno-omit-leaf-frame-pointer -flto=auto -MT libpng12_la-pngwrite.lo -MD -MP -MF .deps/libpng12_la-pngwrite.Tpo -c pngwrite.c -o libpng12_la-pngwrite.o >/dev/null 2>&1
mv -f .deps/libpng12_la-pngwrite.Tpo .deps/libpng12_la-pngwrite.Plo
/bin/sh ./libtool  --tag=CC   --mode=compile gcc -m32 -DHAVE_CONFIG_H -I.  -DPNG_CONFIGURE_LIBPNG    -march=x86-64 -mtune=generic -O2 -pipe -fno-plt -fexceptions         -Wp,-D_FORTIFY_SOURCE=3 -Wformat -Werror=format-security         -fstack-clash-protection -fcf-protection         -fno-omit-frame-pointer -mno-omit-leaf-frame-pointer -flto=auto -MT libpng12_la-pngrtran.lo -MD -MP -MF .deps/libpng12_la-pngrtran.Tpo -c -o libpng12_la-pngrtran.lo `test -f 'pngrtran.c' || echo './'`pngrtran.c
libtool: compile:  gcc -m32 -DHAVE_CONFIG_H -I. -DPNG_CONFIGURE_LIBPNG -march=x86-64 -mtune=generic -O2 -pipe -fno-plt -fexceptions -Wp,-D_FORTIFY_SOURCE=3 -Wformat -Werror=format-security -fstack-clash-protection -fcf-protection -fno-omit-frame-pointer -mno-omit-leaf-frame-pointer -flto=auto -MT libpng12_la-pngrtran.lo -MD -MP -MF .deps/libpng12_la-pngrtran.Tpo -c pngrtran.c  -fPIC -DPIC -o .libs/libpng12_la-pngrtran.o
libtool: compile:  gcc -m32 -DHAVE_CONFIG_H -I. -DPNG_CONFIGURE_LIBPNG -march=x86-64 -mtune=generic -O2 -pipe -fno-plt -fexceptions -Wp,-D_FORTIFY_SOURCE=3 -Wformat -Werror=format-security -fstack-clash-protection -fcf-protection -fno-omit-frame-pointer -mno-omit-leaf-frame-pointer -flto=auto -MT libpng12_la-pngrtran.lo -MD -MP -MF .deps/libpng12_la-pngrtran.Tpo -c pngrtran.c -o libpng12_la-pngrtran.o >/dev/null 2>&1
mv -f .deps/libpng12_la-pngrtran.Tpo .deps/libpng12_la-pngrtran.Plo
/bin/sh ./libtool  --tag=CC   --mode=compile gcc -m32 -DHAVE_CONFIG_H -I.  -DPNG_CONFIGURE_LIBPNG    -march=x86-64 -mtune=generic -O2 -pipe -fno-plt -fexceptions         -Wp,-D_FORTIFY_SOURCE=3 -Wformat -Werror=format-security         -fstack-clash-protection -fcf-protection         -fno-omit-frame-pointer -mno-omit-leaf-frame-pointer -flto=auto -MT libpng12_la-pngwtran.lo -MD -MP -MF .deps/libpng12_la-pngwtran.Tpo -c -o libpng12_la-pngwtran.lo `test -f 'pngwtran.c' || echo './'`pngwtran.c
libtool: compile:  gcc -m32 -DHAVE_CONFIG_H -I. -DPNG_CONFIGURE_LIBPNG -march=x86-64 -mtune=generic -O2 -pipe -fno-plt -fexceptions -Wp,-D_FORTIFY_SOURCE=3 -Wformat -Werror=format-security -fstack-clash-protection -fcf-protection -fno-omit-frame-pointer -mno-omit-leaf-frame-pointer -flto=auto -MT libpng12_la-pngwtran.lo -MD -MP -MF .deps/libpng12_la-pngwtran.Tpo -c pngwtran.c  -fPIC -DPIC -o .libs/libpng12_la-pngwtran.o
libtool: compile:  gcc -m32 -DHAVE_CONFIG_H -I. -DPNG_CONFIGURE_LIBPNG -march=x86-64 -mtune=generic -O2 -pipe -fno-plt -fexceptions -Wp,-D_FORTIFY_SOURCE=3 -Wformat -Werror=format-security -fstack-clash-protection -fcf-protection -fno-omit-frame-pointer -mno-omit-leaf-frame-pointer -flto=auto -MT libpng12_la-pngwtran.lo -MD -MP -MF .deps/libpng12_la-pngwtran.Tpo -c pngwtran.c -o libpng12_la-pngwtran.o >/dev/null 2>&1
mv -f .deps/libpng12_la-pngwtran.Tpo .deps/libpng12_la-pngwtran.Plo
/bin/sh ./libtool  --tag=CC   --mode=compile gcc -m32 -DHAVE_CONFIG_H -I.  -DPNG_CONFIGURE_LIBPNG    -march=x86-64 -mtune=generic -O2 -pipe -fno-plt -fexceptions         -Wp,-D_FORTIFY_SOURCE=3 -Wformat -Werror=format-security         -fstack-clash-protection -fcf-protection         -fno-omit-frame-pointer -mno-omit-leaf-frame-pointer -flto=auto -MT libpng12_la-pngmem.lo -MD -MP -MF .deps/libpng12_la-pngmem.Tpo -c -o libpng12_la-pngmem.lo `test -f 'pngmem.c' || echo './'`pngmem.c
libtool: compile:  gcc -m32 -DHAVE_CONFIG_H -I. -DPNG_CONFIGURE_LIBPNG -march=x86-64 -mtune=generic -O2 -pipe -fno-plt -fexceptions -Wp,-D_FORTIFY_SOURCE=3 -Wformat -Werror=format-security -fstack-clash-protection -fcf-protection -fno-omit-frame-pointer -mno-omit-leaf-frame-pointer -flto=auto -MT libpng12_la-pngmem.lo -MD -MP -MF .deps/libpng12_la-pngmem.Tpo -c pngmem.c  -fPIC -DPIC -o .libs/libpng12_la-pngmem.o
libtool: compile:  gcc -m32 -DHAVE_CONFIG_H -I. -DPNG_CONFIGURE_LIBPNG -march=x86-64 -mtune=generic -O2 -pipe -fno-plt -fexceptions -Wp,-D_FORTIFY_SOURCE=3 -Wformat -Werror=format-security -fstack-clash-protection -fcf-protection -fno-omit-frame-pointer -mno-omit-leaf-frame-pointer -flto=auto -MT libpng12_la-pngmem.lo -MD -MP -MF .deps/libpng12_la-pngmem.Tpo -c pngmem.c -o libpng12_la-pngmem.o >/dev/null 2>&1
mv -f .deps/libpng12_la-pngmem.Tpo .deps/libpng12_la-pngmem.Plo
/bin/sh ./libtool  --tag=CC   --mode=compile gcc -m32 -DHAVE_CONFIG_H -I.  -DPNG_CONFIGURE_LIBPNG    -march=x86-64 -mtune=generic -O2 -pipe -fno-plt -fexceptions         -Wp,-D_FORTIFY_SOURCE=3 -Wformat -Werror=format-security         -fstack-clash-protection -fcf-protection         -fno-omit-frame-pointer -mno-omit-leaf-frame-pointer -flto=auto -MT libpng12_la-pngerror.lo -MD -MP -MF .deps/libpng12_la-pngerror.Tpo -c -o libpng12_la-pngerror.lo `test -f 'pngerror.c' || echo './'`pngerror.c
libtool: compile:  gcc -m32 -DHAVE_CONFIG_H -I. -DPNG_CONFIGURE_LIBPNG -march=x86-64 -mtune=generic -O2 -pipe -fno-plt -fexceptions -Wp,-D_FORTIFY_SOURCE=3 -Wformat -Werror=format-security -fstack-clash-protection -fcf-protection -fno-omit-frame-pointer -mno-omit-leaf-frame-pointer -flto=auto -MT libpng12_la-pngerror.lo -MD -MP -MF .deps/libpng12_la-pngerror.Tpo -c pngerror.c  -fPIC -DPIC -o .libs/libpng12_la-pngerror.o
libtool: compile:  gcc -m32 -DHAVE_CONFIG_H -I. -DPNG_CONFIGURE_LIBPNG -march=x86-64 -mtune=generic -O2 -pipe -fno-plt -fexceptions -Wp,-D_FORTIFY_SOURCE=3 -Wformat -Werror=format-security -fstack-clash-protection -fcf-protection -fno-omit-frame-pointer -mno-omit-leaf-frame-pointer -flto=auto -MT libpng12_la-pngerror.lo -MD -MP -MF .deps/libpng12_la-pngerror.Tpo -c pngerror.c -o libpng12_la-pngerror.o >/dev/null 2>&1
mv -f .deps/libpng12_la-pngerror.Tpo .deps/libpng12_la-pngerror.Plo
/bin/sh ./libtool  --tag=CC   --mode=compile gcc -m32 -DHAVE_CONFIG_H -I.  -DPNG_CONFIGURE_LIBPNG    -march=x86-64 -mtune=generic -O2 -pipe -fno-plt -fexceptions         -Wp,-D_FORTIFY_SOURCE=3 -Wformat -Werror=format-security         -fstack-clash-protection -fcf-protection         -fno-omit-frame-pointer -mno-omit-leaf-frame-pointer -flto=auto -MT libpng12_la-pngpread.lo -MD -MP -MF .deps/libpng12_la-pngpread.Tpo -c -o libpng12_la-pngpread.lo `test -f 'pngpread.c' || echo './'`pngpread.c
libtool: compile:  gcc -m32 -DHAVE_CONFIG_H -I. -DPNG_CONFIGURE_LIBPNG -march=x86-64 -mtune=generic -O2 -pipe -fno-plt -fexceptions -Wp,-D_FORTIFY_SOURCE=3 -Wformat -Werror=format-security -fstack-clash-protection -fcf-protection -fno-omit-frame-pointer -mno-omit-leaf-frame-pointer -flto=auto -MT libpng12_la-pngpread.lo -MD -MP -MF .deps/libpng12_la-pngpread.Tpo -c pngpread.c  -fPIC -DPIC -o .libs/libpng12_la-pngpread.o
libtool: compile:  gcc -m32 -DHAVE_CONFIG_H -I. -DPNG_CONFIGURE_LIBPNG -march=x86-64 -mtune=generic -O2 -pipe -fno-plt -fexceptions -Wp,-D_FORTIFY_SOURCE=3 -Wformat -Werror=format-security -fstack-clash-protection -fcf-protection -fno-omit-frame-pointer -mno-omit-leaf-frame-pointer -flto=auto -MT libpng12_la-pngpread.lo -MD -MP -MF .deps/libpng12_la-pngpread.Tpo -c pngpread.c -o libpng12_la-pngpread.o >/dev/null 2>&1
mv -f .deps/libpng12_la-pngpread.Tpo .deps/libpng12_la-pngpread.Plo
rm -f libpng.sym libpng.sym.new
gcc -m32 -E -DPNG_CONFIGURE_LIBPNG   -DPNG_BUILDSYMS ./png.h | \
	/usr/sbin/sed -n -e \
	's|^.*PNG_FUNCTION_EXPORT[ 	]*\(['_abcdefghijklmnopqrstuvwxyzABCDEFGHIJKLMNOPQRSTUVWXYZ0123456789']*\).*$|\1|p' \
	-e 's|^.*PNG_DATA_EXPORT[ 	]*\(['_abcdefghijklmnopqrstuvwxyzABCDEFGHIJKLMNOPQRSTUVWXYZ0123456789']*\).*$|\1|p' \
		>libpng.sym.new
mv libpng.sym.new libpng.sym
rm -f libpng.vers libpng.vers.new
echo PNG12_0 '{global:' > libpng.vers.new
/usr/sbin/sed s/$/\;/ libpng.sym >> libpng.vers.new
echo 'local: *; };' >> libpng.vers.new
mv libpng.vers.new libpng.vers
/bin/sh ./libtool  --tag=CC   --mode=link gcc -m32  -march=x86-64 -mtune=generic -O2 -pipe -fno-plt -fexceptions         -Wp,-D_FORTIFY_SOURCE=3 -Wformat -Werror=format-security         -fstack-clash-protection -fcf-protection         -fno-omit-frame-pointer -mno-omit-leaf-frame-pointer -flto=auto -no-undefined -export-dynamic -version-number 0:59:0 -Wl,--version-script=libpng.vers  -Wl,-O1 -Wl,--sort-common -Wl,--as-needed -Wl,-z,relro -Wl,-z,now          -Wl,-z,pack-relative-relocs -flto=auto -o libpng12.la -rpath /usr/lib32 libpng12_la-png.lo libpng12_la-pngset.lo libpng12_la-pngget.lo libpng12_la-pngrutil.lo libpng12_la-pngtrans.lo libpng12_la-pngwutil.lo libpng12_la-pngread.lo libpng12_la-pngrio.lo libpng12_la-pngwio.lo libpng12_la-pngwrite.lo libpng12_la-pngrtran.lo libpng12_la-pngwtran.lo libpng12_la-pngmem.lo libpng12_la-pngerror.lo libpng12_la-pngpread.lo  -lz -lm 
libtool: link: gcc -m32 -shared  -fPIC -DPIC  .libs/libpng12_la-png.o .libs/libpng12_la-pngset.o .libs/libpng12_la-pngget.o .libs/libpng12_la-pngrutil.o .libs/libpng12_la-pngtrans.o .libs/libpng12_la-pngwutil.o .libs/libpng12_la-pngread.o .libs/libpng12_la-pngrio.o .libs/libpng12_la-pngwio.o .libs/libpng12_la-pngwrite.o .libs/libpng12_la-pngrtran.o .libs/libpng12_la-pngwtran.o .libs/libpng12_la-pngmem.o .libs/libpng12_la-pngerror.o .libs/libpng12_la-pngpread.o   -Wl,--as-needed -lz -lm  -m32 -march=x86-64 -mtune=generic -O2 -Wp,-D_FORTIFY_SOURCE=3 -Wformat -Werror=format-security -mno-omit-leaf-frame-pointer -flto=auto -Wl,--version-script=libpng.vers -Wl,-O1 -Wl,--sort-common -Wl,-z -Wl,relro -Wl,-z -Wl,now -Wl,-z -Wl,pack-relative-relocs -flto=auto   -Wl,-soname -Wl,libpng12.so.0 -o .libs/libpng12.so.0.59.0
libtool: link: (cd ".libs" && rm -f "libpng12.so.0" && ln -s "libpng12.so.0.59.0" "libpng12.so.0")
libtool: link: (cd ".libs" && rm -f "libpng12.so" && ln -s "libpng12.so.0.59.0" "libpng12.so")
libtool: link: ar cr .libs/libpng12.a  libpng12_la-png.o libpng12_la-pngset.o libpng12_la-pngget.o libpng12_la-pngrutil.o libpng12_la-pngtrans.o libpng12_la-pngwutil.o libpng12_la-pngread.o libpng12_la-pngrio.o libpng12_la-pngwio.o libpng12_la-pngwrite.o libpng12_la-pngrtran.o libpng12_la-pngwtran.o libpng12_la-pngmem.o libpng12_la-pngerror.o libpng12_la-pngpread.o
libtool: link: ranlib .libs/libpng12.a
libtool: link: ( cd ".libs" && rm -f "libpng12.la" && ln -s "../libpng12.la" "libpng12.la" )
/bin/sh ./libtool  --tag=CC   --mode=compile gcc -m32 -DHAVE_CONFIG_H -I.  -DPNG_CONFIGURE_LIBPNG    -march=x86-64 -mtune=generic -O2 -pipe -fno-plt -fexceptions         -Wp,-D_FORTIFY_SOURCE=3 -Wformat -Werror=format-security         -fstack-clash-protection -fcf-protection         -fno-omit-frame-pointer -mno-omit-leaf-frame-pointer -flto=auto -MT libpng_la-png.lo -MD -MP -MF .deps/libpng_la-png.Tpo -c -o libpng_la-png.lo `test -f 'png.c' || echo './'`png.c
libtool: compile:  gcc -m32 -DHAVE_CONFIG_H -I. -DPNG_CONFIGURE_LIBPNG -march=x86-64 -mtune=generic -O2 -pipe -fno-plt -fexceptions -Wp,-D_FORTIFY_SOURCE=3 -Wformat -Werror=format-security -fstack-clash-protection -fcf-protection -fno-omit-frame-pointer -mno-omit-leaf-frame-pointer -flto=auto -MT libpng_la-png.lo -MD -MP -MF .deps/libpng_la-png.Tpo -c png.c  -fPIC -DPIC -o .libs/libpng_la-png.o
libtool: compile:  gcc -m32 -DHAVE_CONFIG_H -I. -DPNG_CONFIGURE_LIBPNG -march=x86-64 -mtune=generic -O2 -pipe -fno-plt -fexceptions -Wp,-D_FORTIFY_SOURCE=3 -Wformat -Werror=format-security -fstack-clash-protection -fcf-protection -fno-omit-frame-pointer -mno-omit-leaf-frame-pointer -flto=auto -MT libpng_la-png.lo -MD -MP -MF .deps/libpng_la-png.Tpo -c png.c -o libpng_la-png.o >/dev/null 2>&1
mv -f .deps/libpng_la-png.Tpo .deps/libpng_la-png.Plo
/bin/sh ./libtool  --tag=CC   --mode=compile gcc -m32 -DHAVE_CONFIG_H -I.  -DPNG_CONFIGURE_LIBPNG    -march=x86-64 -mtune=generic -O2 -pipe -fno-plt -fexceptions         -Wp,-D_FORTIFY_SOURCE=3 -Wformat -Werror=format-security         -fstack-clash-protection -fcf-protection         -fno-omit-frame-pointer -mno-omit-leaf-frame-pointer -flto=auto -MT libpng_la-pngset.lo -MD -MP -MF .deps/libpng_la-pngset.Tpo -c -o libpng_la-pngset.lo `test -f 'pngset.c' || echo './'`pngset.c
libtool: compile:  gcc -m32 -DHAVE_CONFIG_H -I. -DPNG_CONFIGURE_LIBPNG -march=x86-64 -mtune=generic -O2 -pipe -fno-plt -fexceptions -Wp,-D_FORTIFY_SOURCE=3 -Wformat -Werror=format-security -fstack-clash-protection -fcf-protection -fno-omit-frame-pointer -mno-omit-leaf-frame-pointer -flto=auto -MT libpng_la-pngset.lo -MD -MP -MF .deps/libpng_la-pngset.Tpo -c pngset.c  -fPIC -DPIC -o .libs/libpng_la-pngset.o
libtool: compile:  gcc -m32 -DHAVE_CONFIG_H -I. -DPNG_CONFIGURE_LIBPNG -march=x86-64 -mtune=generic -O2 -pipe -fno-plt -fexceptions -Wp,-D_FORTIFY_SOURCE=3 -Wformat -Werror=format-security -fstack-clash-protection -fcf-protection -fno-omit-frame-pointer -mno-omit-leaf-frame-pointer -flto=auto -MT libpng_la-pngset.lo -MD -MP -MF .deps/libpng_la-pngset.Tpo -c pngset.c -o libpng_la-pngset.o >/dev/null 2>&1
mv -f .deps/libpng_la-pngset.Tpo .deps/libpng_la-pngset.Plo
/bin/sh ./libtool  --tag=CC   --mode=compile gcc -m32 -DHAVE_CONFIG_H -I.  -DPNG_CONFIGURE_LIBPNG    -march=x86-64 -mtune=generic -O2 -pipe -fno-plt -fexceptions         -Wp,-D_FORTIFY_SOURCE=3 -Wformat -Werror=format-security         -fstack-clash-protection -fcf-protection         -fno-omit-frame-pointer -mno-omit-leaf-frame-pointer -flto=auto -MT libpng_la-pngget.lo -MD -MP -MF .deps/libpng_la-pngget.Tpo -c -o libpng_la-pngget.lo `test -f 'pngget.c' || echo './'`pngget.c
libtool: compile:  gcc -m32 -DHAVE_CONFIG_H -I. -DPNG_CONFIGURE_LIBPNG -march=x86-64 -mtune=generic -O2 -pipe -fno-plt -fexceptions -Wp,-D_FORTIFY_SOURCE=3 -Wformat -Werror=format-security -fstack-clash-protection -fcf-protection -fno-omit-frame-pointer -mno-omit-leaf-frame-pointer -flto=auto -MT libpng_la-pngget.lo -MD -MP -MF .deps/libpng_la-pngget.Tpo -c pngget.c  -fPIC -DPIC -o .libs/libpng_la-pngget.o
libtool: compile:  gcc -m32 -DHAVE_CONFIG_H -I. -DPNG_CONFIGURE_LIBPNG -march=x86-64 -mtune=generic -O2 -pipe -fno-plt -fexceptions -Wp,-D_FORTIFY_SOURCE=3 -Wformat -Werror=format-security -fstack-clash-protection -fcf-protection -fno-omit-frame-pointer -mno-omit-leaf-frame-pointer -flto=auto -MT libpng_la-pngget.lo -MD -MP -MF .deps/libpng_la-pngget.Tpo -c pngget.c -o libpng_la-pngget.o >/dev/null 2>&1
mv -f .deps/libpng_la-pngget.Tpo .deps/libpng_la-pngget.Plo
/bin/sh ./libtool  --tag=CC   --mode=compile gcc -m32 -DHAVE_CONFIG_H -I.  -DPNG_CONFIGURE_LIBPNG    -march=x86-64 -mtune=generic -O2 -pipe -fno-plt -fexceptions         -Wp,-D_FORTIFY_SOURCE=3 -Wformat -Werror=format-security         -fstack-clash-protection -fcf-protection         -fno-omit-frame-pointer -mno-omit-leaf-frame-pointer -flto=auto -MT libpng_la-pngrutil.lo -MD -MP -MF .deps/libpng_la-pngrutil.Tpo -c -o libpng_la-pngrutil.lo `test -f 'pngrutil.c' || echo './'`pngrutil.c
libtool: compile:  gcc -m32 -DHAVE_CONFIG_H -I. -DPNG_CONFIGURE_LIBPNG -march=x86-64 -mtune=generic -O2 -pipe -fno-plt -fexceptions -Wp,-D_FORTIFY_SOURCE=3 -Wformat -Werror=format-security -fstack-clash-protection -fcf-protection -fno-omit-frame-pointer -mno-omit-leaf-frame-pointer -flto=auto -MT libpng_la-pngrutil.lo -MD -MP -MF .deps/libpng_la-pngrutil.Tpo -c pngrutil.c  -fPIC -DPIC -o .libs/libpng_la-pngrutil.o
libtool: compile:  gcc -m32 -DHAVE_CONFIG_H -I. -DPNG_CONFIGURE_LIBPNG -march=x86-64 -mtune=generic -O2 -pipe -fno-plt -fexceptions -Wp,-D_FORTIFY_SOURCE=3 -Wformat -Werror=format-security -fstack-clash-protection -fcf-protection -fno-omit-frame-pointer -mno-omit-leaf-frame-pointer -flto=auto -MT libpng_la-pngrutil.lo -MD -MP -MF .deps/libpng_la-pngrutil.Tpo -c pngrutil.c -o libpng_la-pngrutil.o >/dev/null 2>&1
mv -f .deps/libpng_la-pngrutil.Tpo .deps/libpng_la-pngrutil.Plo
/bin/sh ./libtool  --tag=CC   --mode=compile gcc -m32 -DHAVE_CONFIG_H -I.  -DPNG_CONFIGURE_LIBPNG    -march=x86-64 -mtune=generic -O2 -pipe -fno-plt -fexceptions         -Wp,-D_FORTIFY_SOURCE=3 -Wformat -Werror=format-security         -fstack-clash-protection -fcf-protection         -fno-omit-frame-pointer -mno-omit-leaf-frame-pointer -flto=auto -MT libpng_la-pngtrans.lo -MD -MP -MF .deps/libpng_la-pngtrans.Tpo -c -o libpng_la-pngtrans.lo `test -f 'pngtrans.c' || echo './'`pngtrans.c
libtool: compile:  gcc -m32 -DHAVE_CONFIG_H -I. -DPNG_CONFIGURE_LIBPNG -march=x86-64 -mtune=generic -O2 -pipe -fno-plt -fexceptions -Wp,-D_FORTIFY_SOURCE=3 -Wformat -Werror=format-security -fstack-clash-protection -fcf-protection -fno-omit-frame-pointer -mno-omit-leaf-frame-pointer -flto=auto -MT libpng_la-pngtrans.lo -MD -MP -MF .deps/libpng_la-pngtrans.Tpo -c pngtrans.c  -fPIC -DPIC -o .libs/libpng_la-pngtrans.o
libtool: compile:  gcc -m32 -DHAVE_CONFIG_H -I. -DPNG_CONFIGURE_LIBPNG -march=x86-64 -mtune=generic -O2 -pipe -fno-plt -fexceptions -Wp,-D_FORTIFY_SOURCE=3 -Wformat -Werror=format-security -fstack-clash-protection -fcf-protection -fno-omit-frame-pointer -mno-omit-leaf-frame-pointer -flto=auto -MT libpng_la-pngtrans.lo -MD -MP -MF .deps/libpng_la-pngtrans.Tpo -c pngtrans.c -o libpng_la-pngtrans.o >/dev/null 2>&1
mv -f .deps/libpng_la-pngtrans.Tpo .deps/libpng_la-pngtrans.Plo
/bin/sh ./libtool  --tag=CC   --mode=compile gcc -m32 -DHAVE_CONFIG_H -I.  -DPNG_CONFIGURE_LIBPNG    -march=x86-64 -mtune=generic -O2 -pipe -fno-plt -fexceptions         -Wp,-D_FORTIFY_SOURCE=3 -Wformat -Werror=format-security         -fstack-clash-protection -fcf-protection         -fno-omit-frame-pointer -mno-omit-leaf-frame-pointer -flto=auto -MT libpng_la-pngwutil.lo -MD -MP -MF .deps/libpng_la-pngwutil.Tpo -c -o libpng_la-pngwutil.lo `test -f 'pngwutil.c' || echo './'`pngwutil.c
libtool: compile:  gcc -m32 -DHAVE_CONFIG_H -I. -DPNG_CONFIGURE_LIBPNG -march=x86-64 -mtune=generic -O2 -pipe -fno-plt -fexceptions -Wp,-D_FORTIFY_SOURCE=3 -Wformat -Werror=format-security -fstack-clash-protection -fcf-protection -fno-omit-frame-pointer -mno-omit-leaf-frame-pointer -flto=auto -MT libpng_la-pngwutil.lo -MD -MP -MF .deps/libpng_la-pngwutil.Tpo -c pngwutil.c  -fPIC -DPIC -o .libs/libpng_la-pngwutil.o
libtool: compile:  gcc -m32 -DHAVE_CONFIG_H -I. -DPNG_CONFIGURE_LIBPNG -march=x86-64 -mtune=generic -O2 -pipe -fno-plt -fexceptions -Wp,-D_FORTIFY_SOURCE=3 -Wformat -Werror=format-security -fstack-clash-protection -fcf-protection -fno-omit-frame-pointer -mno-omit-leaf-frame-pointer -flto=auto -MT libpng_la-pngwutil.lo -MD -MP -MF .deps/libpng_la-pngwutil.Tpo -c pngwutil.c -o libpng_la-pngwutil.o >/dev/null 2>&1
mv -f .deps/libpng_la-pngwutil.Tpo .deps/libpng_la-pngwutil.Plo
/bin/sh ./libtool  --tag=CC   --mode=compile gcc -m32 -DHAVE_CONFIG_H -I.  -DPNG_CONFIGURE_LIBPNG    -march=x86-64 -mtune=generic -O2 -pipe -fno-plt -fexceptions         -Wp,-D_FORTIFY_SOURCE=3 -Wformat -Werror=format-security         -fstack-clash-protection -fcf-protection         -fno-omit-frame-pointer -mno-omit-leaf-frame-pointer -flto=auto -MT libpng_la-pngread.lo -MD -MP -MF .deps/libpng_la-pngread.Tpo -c -o libpng_la-pngread.lo `test -f 'pngread.c' || echo './'`pngread.c
libtool: compile:  gcc -m32 -DHAVE_CONFIG_H -I. -DPNG_CONFIGURE_LIBPNG -march=x86-64 -mtune=generic -O2 -pipe -fno-plt -fexceptions -Wp,-D_FORTIFY_SOURCE=3 -Wformat -Werror=format-security -fstack-clash-protection -fcf-protection -fno-omit-frame-pointer -mno-omit-leaf-frame-pointer -flto=auto -MT libpng_la-pngread.lo -MD -MP -MF .deps/libpng_la-pngread.Tpo -c pngread.c  -fPIC -DPIC -o .libs/libpng_la-pngread.o
libtool: compile:  gcc -m32 -DHAVE_CONFIG_H -I. -DPNG_CONFIGURE_LIBPNG -march=x86-64 -mtune=generic -O2 -pipe -fno-plt -fexceptions -Wp,-D_FORTIFY_SOURCE=3 -Wformat -Werror=format-security -fstack-clash-protection -fcf-protection -fno-omit-frame-pointer -mno-omit-leaf-frame-pointer -flto=auto -MT libpng_la-pngread.lo -MD -MP -MF .deps/libpng_la-pngread.Tpo -c pngread.c -o libpng_la-pngread.o >/dev/null 2>&1
mv -f .deps/libpng_la-pngread.Tpo .deps/libpng_la-pngread.Plo
/bin/sh ./libtool  --tag=CC   --mode=compile gcc -m32 -DHAVE_CONFIG_H -I.  -DPNG_CONFIGURE_LIBPNG    -march=x86-64 -mtune=generic -O2 -pipe -fno-plt -fexceptions         -Wp,-D_FORTIFY_SOURCE=3 -Wformat -Werror=format-security         -fstack-clash-protection -fcf-protection         -fno-omit-frame-pointer -mno-omit-leaf-frame-pointer -flto=auto -MT libpng_la-pngrio.lo -MD -MP -MF .deps/libpng_la-pngrio.Tpo -c -o libpng_la-pngrio.lo `test -f 'pngrio.c' || echo './'`pngrio.c
libtool: compile:  gcc -m32 -DHAVE_CONFIG_H -I. -DPNG_CONFIGURE_LIBPNG -march=x86-64 -mtune=generic -O2 -pipe -fno-plt -fexceptions -Wp,-D_FORTIFY_SOURCE=3 -Wformat -Werror=format-security -fstack-clash-protection -fcf-protection -fno-omit-frame-pointer -mno-omit-leaf-frame-pointer -flto=auto -MT libpng_la-pngrio.lo -MD -MP -MF .deps/libpng_la-pngrio.Tpo -c pngrio.c  -fPIC -DPIC -o .libs/libpng_la-pngrio.o
libtool: compile:  gcc -m32 -DHAVE_CONFIG_H -I. -DPNG_CONFIGURE_LIBPNG -march=x86-64 -mtune=generic -O2 -pipe -fno-plt -fexceptions -Wp,-D_FORTIFY_SOURCE=3 -Wformat -Werror=format-security -fstack-clash-protection -fcf-protection -fno-omit-frame-pointer -mno-omit-leaf-frame-pointer -flto=auto -MT libpng_la-pngrio.lo -MD -MP -MF .deps/libpng_la-pngrio.Tpo -c pngrio.c -o libpng_la-pngrio.o >/dev/null 2>&1
mv -f .deps/libpng_la-pngrio.Tpo .deps/libpng_la-pngrio.Plo
/bin/sh ./libtool  --tag=CC   --mode=compile gcc -m32 -DHAVE_CONFIG_H -I.  -DPNG_CONFIGURE_LIBPNG    -march=x86-64 -mtune=generic -O2 -pipe -fno-plt -fexceptions         -Wp,-D_FORTIFY_SOURCE=3 -Wformat -Werror=format-security         -fstack-clash-protection -fcf-protection         -fno-omit-frame-pointer -mno-omit-leaf-frame-pointer -flto=auto -MT libpng_la-pngwio.lo -MD -MP -MF .deps/libpng_la-pngwio.Tpo -c -o libpng_la-pngwio.lo `test -f 'pngwio.c' || echo './'`pngwio.c
libtool: compile:  gcc -m32 -DHAVE_CONFIG_H -I. -DPNG_CONFIGURE_LIBPNG -march=x86-64 -mtune=generic -O2 -pipe -fno-plt -fexceptions -Wp,-D_FORTIFY_SOURCE=3 -Wformat -Werror=format-security -fstack-clash-protection -fcf-protection -fno-omit-frame-pointer -mno-omit-leaf-frame-pointer -flto=auto -MT libpng_la-pngwio.lo -MD -MP -MF .deps/libpng_la-pngwio.Tpo -c pngwio.c  -fPIC -DPIC -o .libs/libpng_la-pngwio.o
libtool: compile:  gcc -m32 -DHAVE_CONFIG_H -I. -DPNG_CONFIGURE_LIBPNG -march=x86-64 -mtune=generic -O2 -pipe -fno-plt -fexceptions -Wp,-D_FORTIFY_SOURCE=3 -Wformat -Werror=format-security -fstack-clash-protection -fcf-protection -fno-omit-frame-pointer -mno-omit-leaf-frame-pointer -flto=auto -MT libpng_la-pngwio.lo -MD -MP -MF .deps/libpng_la-pngwio.Tpo -c pngwio.c -o libpng_la-pngwio.o >/dev/null 2>&1
mv -f .deps/libpng_la-pngwio.Tpo .deps/libpng_la-pngwio.Plo
/bin/sh ./libtool  --tag=CC   --mode=compile gcc -m32 -DHAVE_CONFIG_H -I.  -DPNG_CONFIGURE_LIBPNG    -march=x86-64 -mtune=generic -O2 -pipe -fno-plt -fexceptions         -Wp,-D_FORTIFY_SOURCE=3 -Wformat -Werror=format-security         -fstack-clash-protection -fcf-protection         -fno-omit-frame-pointer -mno-omit-leaf-frame-pointer -flto=auto -MT libpng_la-pngwrite.lo -MD -MP -MF .deps/libpng_la-pngwrite.Tpo -c -o libpng_la-pngwrite.lo `test -f 'pngwrite.c' || echo './'`pngwrite.c
libtool: compile:  gcc -m32 -DHAVE_CONFIG_H -I. -DPNG_CONFIGURE_LIBPNG -march=x86-64 -mtune=generic -O2 -pipe -fno-plt -fexceptions -Wp,-D_FORTIFY_SOURCE=3 -Wformat -Werror=format-security -fstack-clash-protection -fcf-protection -fno-omit-frame-pointer -mno-omit-leaf-frame-pointer -flto=auto -MT libpng_la-pngwrite.lo -MD -MP -MF .deps/libpng_la-pngwrite.Tpo -c pngwrite.c  -fPIC -DPIC -o .libs/libpng_la-pngwrite.o
libtool: compile:  gcc -m32 -DHAVE_CONFIG_H -I. -DPNG_CONFIGURE_LIBPNG -march=x86-64 -mtune=generic -O2 -pipe -fno-plt -fexceptions -Wp,-D_FORTIFY_SOURCE=3 -Wformat -Werror=format-security -fstack-clash-protection -fcf-protection -fno-omit-frame-pointer -mno-omit-leaf-frame-pointer -flto=auto -MT libpng_la-pngwrite.lo -MD -MP -MF .deps/libpng_la-pngwrite.Tpo -c pngwrite.c -o libpng_la-pngwrite.o >/dev/null 2>&1
mv -f .deps/libpng_la-pngwrite.Tpo .deps/libpng_la-pngwrite.Plo
/bin/sh ./libtool  --tag=CC   --mode=compile gcc -m32 -DHAVE_CONFIG_H -I.  -DPNG_CONFIGURE_LIBPNG    -march=x86-64 -mtune=generic -O2 -pipe -fno-plt -fexceptions         -Wp,-D_FORTIFY_SOURCE=3 -Wformat -Werror=format-security         -fstack-clash-protection -fcf-protection         -fno-omit-frame-pointer -mno-omit-leaf-frame-pointer -flto=auto -MT libpng_la-pngrtran.lo -MD -MP -MF .deps/libpng_la-pngrtran.Tpo -c -o libpng_la-pngrtran.lo `test -f 'pngrtran.c' || echo './'`pngrtran.c
libtool: compile:  gcc -m32 -DHAVE_CONFIG_H -I. -DPNG_CONFIGURE_LIBPNG -march=x86-64 -mtune=generic -O2 -pipe -fno-plt -fexceptions -Wp,-D_FORTIFY_SOURCE=3 -Wformat -Werror=format-security -fstack-clash-protection -fcf-protection -fno-omit-frame-pointer -mno-omit-leaf-frame-pointer -flto=auto -MT libpng_la-pngrtran.lo -MD -MP -MF .deps/libpng_la-pngrtran.Tpo -c pngrtran.c  -fPIC -DPIC -o .libs/libpng_la-pngrtran.o
libtool: compile:  gcc -m32 -DHAVE_CONFIG_H -I. -DPNG_CONFIGURE_LIBPNG -march=x86-64 -mtune=generic -O2 -pipe -fno-plt -fexceptions -Wp,-D_FORTIFY_SOURCE=3 -Wformat -Werror=format-security -fstack-clash-protection -fcf-protection -fno-omit-frame-pointer -mno-omit-leaf-frame-pointer -flto=auto -MT libpng_la-pngrtran.lo -MD -MP -MF .deps/libpng_la-pngrtran.Tpo -c pngrtran.c -o libpng_la-pngrtran.o >/dev/null 2>&1
mv -f .deps/libpng_la-pngrtran.Tpo .deps/libpng_la-pngrtran.Plo
/bin/sh ./libtool  --tag=CC   --mode=compile gcc -m32 -DHAVE_CONFIG_H -I.  -DPNG_CONFIGURE_LIBPNG    -march=x86-64 -mtune=generic -O2 -pipe -fno-plt -fexceptions         -Wp,-D_FORTIFY_SOURCE=3 -Wformat -Werror=format-security         -fstack-clash-protection -fcf-protection         -fno-omit-frame-pointer -mno-omit-leaf-frame-pointer -flto=auto -MT libpng_la-pngwtran.lo -MD -MP -MF .deps/libpng_la-pngwtran.Tpo -c -o libpng_la-pngwtran.lo `test -f 'pngwtran.c' || echo './'`pngwtran.c
libtool: compile:  gcc -m32 -DHAVE_CONFIG_H -I. -DPNG_CONFIGURE_LIBPNG -march=x86-64 -mtune=generic -O2 -pipe -fno-plt -fexceptions -Wp,-D_FORTIFY_SOURCE=3 -Wformat -Werror=format-security -fstack-clash-protection -fcf-protection -fno-omit-frame-pointer -mno-omit-leaf-frame-pointer -flto=auto -MT libpng_la-pngwtran.lo -MD -MP -MF .deps/libpng_la-pngwtran.Tpo -c pngwtran.c  -fPIC -DPIC -o .libs/libpng_la-pngwtran.o
libtool: compile:  gcc -m32 -DHAVE_CONFIG_H -I. -DPNG_CONFIGURE_LIBPNG -march=x86-64 -mtune=generic -O2 -pipe -fno-plt -fexceptions -Wp,-D_FORTIFY_SOURCE=3 -Wformat -Werror=format-security -fstack-clash-protection -fcf-protection -fno-omit-frame-pointer -mno-omit-leaf-frame-pointer -flto=auto -MT libpng_la-pngwtran.lo -MD -MP -MF .deps/libpng_la-pngwtran.Tpo -c pngwtran.c -o libpng_la-pngwtran.o >/dev/null 2>&1
mv -f .deps/libpng_la-pngwtran.Tpo .deps/libpng_la-pngwtran.Plo
/bin/sh ./libtool  --tag=CC   --mode=compile gcc -m32 -DHAVE_CONFIG_H -I.  -DPNG_CONFIGURE_LIBPNG    -march=x86-64 -mtune=generic -O2 -pipe -fno-plt -fexceptions         -Wp,-D_FORTIFY_SOURCE=3 -Wformat -Werror=format-security         -fstack-clash-protection -fcf-protection         -fno-omit-frame-pointer -mno-omit-leaf-frame-pointer -flto=auto -MT libpng_la-pngmem.lo -MD -MP -MF .deps/libpng_la-pngmem.Tpo -c -o libpng_la-pngmem.lo `test -f 'pngmem.c' || echo './'`pngmem.c
libtool: compile:  gcc -m32 -DHAVE_CONFIG_H -I. -DPNG_CONFIGURE_LIBPNG -march=x86-64 -mtune=generic -O2 -pipe -fno-plt -fexceptions -Wp,-D_FORTIFY_SOURCE=3 -Wformat -Werror=format-security -fstack-clash-protection -fcf-protection -fno-omit-frame-pointer -mno-omit-leaf-frame-pointer -flto=auto -MT libpng_la-pngmem.lo -MD -MP -MF .deps/libpng_la-pngmem.Tpo -c pngmem.c  -fPIC -DPIC -o .libs/libpng_la-pngmem.o
libtool: compile:  gcc -m32 -DHAVE_CONFIG_H -I. -DPNG_CONFIGURE_LIBPNG -march=x86-64 -mtune=generic -O2 -pipe -fno-plt -fexceptions -Wp,-D_FORTIFY_SOURCE=3 -Wformat -Werror=format-security -fstack-clash-protection -fcf-protection -fno-omit-frame-pointer -mno-omit-leaf-frame-pointer -flto=auto -MT libpng_la-pngmem.lo -MD -MP -MF .deps/libpng_la-pngmem.Tpo -c pngmem.c -o libpng_la-pngmem.o >/dev/null 2>&1
mv -f .deps/libpng_la-pngmem.Tpo .deps/libpng_la-pngmem.Plo
/bin/sh ./libtool  --tag=CC   --mode=compile gcc -m32 -DHAVE_CONFIG_H -I.  -DPNG_CONFIGURE_LIBPNG    -march=x86-64 -mtune=generic -O2 -pipe -fno-plt -fexceptions         -Wp,-D_FORTIFY_SOURCE=3 -Wformat -Werror=format-security         -fstack-clash-protection -fcf-protection         -fno-omit-frame-pointer -mno-omit-leaf-frame-pointer -flto=auto -MT libpng_la-pngerror.lo -MD -MP -MF .deps/libpng_la-pngerror.Tpo -c -o libpng_la-pngerror.lo `test -f 'pngerror.c' || echo './'`pngerror.c
libtool: compile:  gcc -m32 -DHAVE_CONFIG_H -I. -DPNG_CONFIGURE_LIBPNG -march=x86-64 -mtune=generic -O2 -pipe -fno-plt -fexceptions -Wp,-D_FORTIFY_SOURCE=3 -Wformat -Werror=format-security -fstack-clash-protection -fcf-protection -fno-omit-frame-pointer -mno-omit-leaf-frame-pointer -flto=auto -MT libpng_la-pngerror.lo -MD -MP -MF .deps/libpng_la-pngerror.Tpo -c pngerror.c  -fPIC -DPIC -o .libs/libpng_la-pngerror.o
libtool: compile:  gcc -m32 -DHAVE_CONFIG_H -I. -DPNG_CONFIGURE_LIBPNG -march=x86-64 -mtune=generic -O2 -pipe -fno-plt -fexceptions -Wp,-D_FORTIFY_SOURCE=3 -Wformat -Werror=format-security -fstack-clash-protection -fcf-protection -fno-omit-frame-pointer -mno-omit-leaf-frame-pointer -flto=auto -MT libpng_la-pngerror.lo -MD -MP -MF .deps/libpng_la-pngerror.Tpo -c pngerror.c -o libpng_la-pngerror.o >/dev/null 2>&1
mv -f .deps/libpng_la-pngerror.Tpo .deps/libpng_la-pngerror.Plo
/bin/sh ./libtool  --tag=CC   --mode=compile gcc -m32 -DHAVE_CONFIG_H -I.  -DPNG_CONFIGURE_LIBPNG    -march=x86-64 -mtune=generic -O2 -pipe -fno-plt -fexceptions         -Wp,-D_FORTIFY_SOURCE=3 -Wformat -Werror=format-security         -fstack-clash-protection -fcf-protection         -fno-omit-frame-pointer -mno-omit-leaf-frame-pointer -flto=auto -MT libpng_la-pngpread.lo -MD -MP -MF .deps/libpng_la-pngpread.Tpo -c -o libpng_la-pngpread.lo `test -f 'pngpread.c' || echo './'`pngpread.c
libtool: compile:  gcc -m32 -DHAVE_CONFIG_H -I. -DPNG_CONFIGURE_LIBPNG -march=x86-64 -mtune=generic -O2 -pipe -fno-plt -fexceptions -Wp,-D_FORTIFY_SOURCE=3 -Wformat -Werror=format-security -fstack-clash-protection -fcf-protection -fno-omit-frame-pointer -mno-omit-leaf-frame-pointer -flto=auto -MT libpng_la-pngpread.lo -MD -MP -MF .deps/libpng_la-pngpread.Tpo -c pngpread.c  -fPIC -DPIC -o .libs/libpng_la-pngpread.o
libtool: compile:  gcc -m32 -DHAVE_CONFIG_H -I. -DPNG_CONFIGURE_LIBPNG -march=x86-64 -mtune=generic -O2 -pipe -fno-plt -fexceptions -Wp,-D_FORTIFY_SOURCE=3 -Wformat -Werror=format-security -fstack-clash-protection -fcf-protection -fno-omit-frame-pointer -mno-omit-leaf-frame-pointer -flto=auto -MT libpng_la-pngpread.lo -MD -MP -MF .deps/libpng_la-pngpread.Tpo -c pngpread.c -o libpng_la-pngpread.o >/dev/null 2>&1
mv -f .deps/libpng_la-pngpread.Tpo .deps/libpng_la-pngpread.Plo
/bin/sh ./libtool  --tag=CC   --mode=link gcc -m32  -march=x86-64 -mtune=generic -O2 -pipe -fno-plt -fexceptions         -Wp,-D_FORTIFY_SOURCE=3 -Wformat -Werror=format-security         -fstack-clash-protection -fcf-protection         -fno-omit-frame-pointer -mno-omit-leaf-frame-pointer -flto=auto -rpath '/usr/lib32' -no-undefined -export-dynamic -version-number 3:59:0 -Wl,-O1 -Wl,--sort-common -Wl,--as-needed -Wl,-z,relro -Wl,-z,now          -Wl,-z,pack-relative-relocs -flto=auto -o libpng.la  libpng_la-png.lo libpng_la-pngset.lo libpng_la-pngget.lo libpng_la-pngrutil.lo libpng_la-pngtrans.lo libpng_la-pngwutil.lo libpng_la-pngread.lo libpng_la-pngrio.lo libpng_la-pngwio.lo libpng_la-pngwrite.lo libpng_la-pngrtran.lo libpng_la-pngwtran.lo libpng_la-pngmem.lo libpng_la-pngerror.lo libpng_la-pngpread.lo  -lz -lm 
libtool: link: gcc -m32 -shared  -fPIC -DPIC  .libs/libpng_la-png.o .libs/libpng_la-pngset.o .libs/libpng_la-pngget.o .libs/libpng_la-pngrutil.o .libs/libpng_la-pngtrans.o .libs/libpng_la-pngwutil.o .libs/libpng_la-pngread.o .libs/libpng_la-pngrio.o .libs/libpng_la-pngwio.o .libs/libpng_la-pngwrite.o .libs/libpng_la-pngrtran.o .libs/libpng_la-pngwtran.o .libs/libpng_la-pngmem.o .libs/libpng_la-pngerror.o .libs/libpng_la-pngpread.o   -Wl,--as-needed -lz -lm  -m32 -march=x86-64 -mtune=generic -O2 -Wp,-D_FORTIFY_SOURCE=3 -Wformat -Werror=format-security -mno-omit-leaf-frame-pointer -flto=auto -Wl,-O1 -Wl,--sort-common -Wl,-z -Wl,relro -Wl,-z -Wl,now -Wl,-z -Wl,pack-relative-relocs -flto=auto   -Wl,-soname -Wl,libpng.so.3 -o .libs/libpng.so.3.59.0
libtool: link: (cd ".libs" && rm -f "libpng.so.3" && ln -s "libpng.so.3.59.0" "libpng.so.3")
libtool: link: (cd ".libs" && rm -f "libpng.so" && ln -s "libpng.so.3.59.0" "libpng.so")
libtool: link: ar cr .libs/libpng.a  libpng_la-png.o libpng_la-pngset.o libpng_la-pngget.o libpng_la-pngrutil.o libpng_la-pngtrans.o libpng_la-pngwutil.o libpng_la-pngread.o libpng_la-pngrio.o libpng_la-pngwio.o libpng_la-pngwrite.o libpng_la-pngrtran.o libpng_la-pngwtran.o libpng_la-pngmem.o libpng_la-pngerror.o libpng_la-pngpread.o
libtool: link: ranlib .libs/libpng.a
libtool: link: ( cd ".libs" && rm -f "libpng.la" && ln -s "../libpng.la" "libpng.la" )
cp libpng-config libpng12-config
cp libpng.pc libpng12.pc
make[1]: Leaving directory '/workspace/build/lib32-libpng12/src/libpng-1.2.59'
==> Entering fakeroot environment...
==> Starting package()...
make[1]: Entering directory '/workspace/build/lib32-libpng12/src/libpng-1.2.59'
 /usr/sbin/mkdir -p '/workspace/build/lib32-libpng12/pkg/lib32-libpng12/usr/bin'
 /usr/bin/install -c libpng12-config '/workspace/build/lib32-libpng12/pkg/lib32-libpng12/usr/bin'
 /usr/sbin/mkdir -p '/workspace/build/lib32-libpng12/pkg/lib32-libpng12/usr/lib32'
 /bin/sh ./libtool   --mode=install /usr/bin/install -c   libpng12.la libpng.la '/workspace/build/lib32-libpng12/pkg/lib32-libpng12/usr/lib32'
libtool: install: /usr/bin/install -c .libs/libpng12.so.0.59.0 /workspace/build/lib32-libpng12/pkg/lib32-libpng12/usr/lib32/libpng12.so.0.59.0
libtool: install: (cd /workspace/build/lib32-libpng12/pkg/lib32-libpng12/usr/lib32 && { ln -s -f libpng12.so.0.59.0 libpng12.so.0 || { rm -f libpng12.so.0 && ln -s libpng12.so.0.59.0 libpng12.so.0; }; })
libtool: install: (cd /workspace/build/lib32-libpng12/pkg/lib32-libpng12/usr/lib32 && { ln -s -f libpng12.so.0.59.0 libpng12.so || { rm -f libpng12.so && ln -s libpng12.so.0.59.0 libpng12.so; }; })
libtool: install: /usr/bin/install -c .libs/libpng12.lai /workspace/build/lib32-libpng12/pkg/lib32-libpng12/usr/lib32/libpng12.la
libtool: install: /usr/bin/install -c .libs/libpng.so.3.59.0 /workspace/build/lib32-libpng12/pkg/lib32-libpng12/usr/lib32/libpng.so.3.59.0
libtool: install: (cd /workspace/build/lib32-libpng12/pkg/lib32-libpng12/usr/lib32 && { ln -s -f libpng.so.3.59.0 libpng.so.3 || { rm -f libpng.so.3 && ln -s libpng.so.3.59.0 libpng.so.3; }; })
libtool: install: (cd /workspace/build/lib32-libpng12/pkg/lib32-libpng12/usr/lib32 && { ln -s -f libpng.so.3.59.0 libpng.so || { rm -f libpng.so && ln -s libpng.so.3.59.0 libpng.so; }; })
libtool: install: /usr/bin/install -c .libs/libpng.lai /workspace/build/lib32-libpng12/pkg/lib32-libpng12/usr/lib32/libpng.la
libtool: install: /usr/bin/install -c .libs/libpng12.a /workspace/build/lib32-libpng12/pkg/lib32-libpng12/usr/lib32/libpng12.a
libtool: install: chmod 644 /workspace/build/lib32-libpng12/pkg/lib32-libpng12/usr/lib32/libpng12.a
libtool: install: ranlib /workspace/build/lib32-libpng12/pkg/lib32-libpng12/usr/lib32/libpng12.a
libtool: install: /usr/bin/install -c .libs/libpng.a /workspace/build/lib32-libpng12/pkg/lib32-libpng12/usr/lib32/libpng.a
libtool: install: chmod 644 /workspace/build/lib32-libpng12/pkg/lib32-libpng12/usr/lib32/libpng.a
libtool: install: ranlib /workspace/build/lib32-libpng12/pkg/lib32-libpng12/usr/lib32/libpng.a
libtool: warning: remember to run 'libtool --finish /usr/lib32'
make  install-exec-hook
make[2]: Entering directory '/workspace/build/lib32-libpng12/src/libpng-1.2.59'
cd /workspace/build/lib32-libpng12/pkg/lib32-libpng12/usr/bin; rm -f libpng-config
cd /workspace/build/lib32-libpng12/pkg/lib32-libpng12/usr/bin; ln -s libpng12-config libpng-config
+ cd /workspace/build/lib32-libpng12/pkg/lib32-libpng12/usr/lib32
+ for ext in a la so sl dylib
+ rm -f libpng.a
+ test -f libpng12.a
+ ln -s libpng12.a libpng.a
+ for ext in a la so sl dylib
+ rm -f libpng.la
+ test -f libpng12.la
+ ln -s libpng12.la libpng.la
+ for ext in a la so sl dylib
+ rm -f libpng.so
+ test -f libpng12.so
+ ln -s libpng12.so libpng.so
+ for ext in a la so sl dylib
+ rm -f libpng.sl
+ test -f libpng12.sl
+ for ext in a la so sl dylib
+ rm -f libpng.dylib
+ test -f libpng12.dylib
make[2]: Leaving directory '/workspace/build/lib32-libpng12/src/libpng-1.2.59'
 /usr/sbin/mkdir -p '/workspace/build/lib32-libpng12/pkg/lib32-libpng12/usr/share/man/man3'
 /usr/bin/install -c -m 644 libpng.3 libpngpf.3 '/workspace/build/lib32-libpng12/pkg/lib32-libpng12/usr/share/man/man3'
 /usr/sbin/mkdir -p '/workspace/build/lib32-libpng12/pkg/lib32-libpng12/usr/share/man/man5'
 /usr/bin/install -c -m 644 png.5 '/workspace/build/lib32-libpng12/pkg/lib32-libpng12/usr/share/man/man5'
 /usr/sbin/mkdir -p '/workspace/build/lib32-libpng12/pkg/lib32-libpng12/usr/lib32/pkgconfig'
 /usr/bin/install -c -m 644 libpng12.pc '/workspace/build/lib32-libpng12/pkg/lib32-libpng12/usr/lib32/pkgconfig'
 /usr/sbin/mkdir -p '/workspace/build/lib32-libpng12/pkg/lib32-libpng12/usr/include/libpng12'
 /usr/bin/install -c -m 644 png.h pngconf.h '/workspace/build/lib32-libpng12/pkg/lib32-libpng12/usr/include/libpng12'
make  install-data-hook
make[2]: Entering directory '/workspace/build/lib32-libpng12/src/libpng-1.2.59'
cd /workspace/build/lib32-libpng12/pkg/lib32-libpng12/usr/include; rm -f png.h pngconf.h
cd /workspace/build/lib32-libpng12/pkg/lib32-libpng12/usr/include; ln -s libpng12/png.h png.h
cd /workspace/build/lib32-libpng12/pkg/lib32-libpng12/usr/include; ln -s libpng12/pngconf.h pngconf.h
cd /workspace/build/lib32-libpng12/pkg/lib32-libpng12/usr/lib32/pkgconfig; rm -f libpng.pc
cd /workspace/build/lib32-libpng12/pkg/lib32-libpng12/usr/lib32/pkgconfig; ln -s libpng12.pc libpng.pc
make[2]: Leaving directory '/workspace/build/lib32-libpng12/src/libpng-1.2.59'
make[1]: Leaving directory '/workspace/build/lib32-libpng12/src/libpng-1.2.59'
==> Tidying install...
  -> Removing libtool files...
  -> Purging unwanted files...
  -> Removing static library files...
  -> Stripping unneeded symbols from binaries and libraries...
  -> Compressing man and info pages...
==> Checking for packaging issues...
==> Creating package "lib32-libpng12"...
  -> Generating .PKGINFO file...
  -> Generating .BUILDINFO file...
  -> Generating .MTREE file...
  -> Compressing package...
==> Leaving fakeroot environment.
==> Finished making: lib32-libpng12 1.2.59-3 (Fri Oct 31 21:27:32 2025)
==> Installing package lib32-libpng12 with pacman -U...
loading packages...
resolving dependencies...
looking for conflicting packages...

Package (1)     New Version  Net Change

lib32-libpng12  1.2.59-3       0.35 MiB

Total Installed Size:  0.35 MiB

:: Proceed with installation? [Y/n] 
checking keyring...
checking package integrity...
loading package files...
checking for file conflicts...
:: Processing package changes...
installing lib32-libpng12...
:: Running post-transaction hooks...
(1/1) Arming ConditionNeedsUpdate...
