Cloning into 'lib32-libudev0-shim'...
Already up to date.
gpg: key EDAE37B02CEB490D: "Emil Velikov <emil.l.velikov@gmail.com>" not changed
gpg: Total number processed: 1
gpg:              unchanged: 1
==> Making package: lib32-libudev0-shim 2-1 (Fri Oct 31 21:28:28 2025)
==> Checking runtime dependencies...
==> Checking buildtime dependencies...
==> Retrieving sources...
  -> Cloning libudev0-shim git repo...
Cloning into bare repository '/workspace/build/lib32-libudev0-shim/libudev0-shim'...
==> Validating source files with sha512sums...
    libudev0-shim ... Passed
==> Verifying source file signatures with gpg...
    libudev0-shim git repo ... Passed
==> Extracting sources...
  -> Creating working copy of libudev0-shim git repo...
Cloning into 'libudev0-shim'...
done.
Switched to a new branch 'makepkg'
==> Starting build()...
gcc -m32 -Wall -Wextra -g -fvisibility=hidden -shared -fPIC -march=x86-64 -mtune=generic -O2 -pipe -fno-plt -fexceptions         -Wp,-D_FORTIFY_SOURCE=3 -Wformat -Werror=format-security         -fstack-clash-protection -fcf-protection         -fno-omit-frame-pointer -mno-omit-leaf-frame-pointer -flto=auto -Wl,-soname,libudev.so.0 -Wl,-z,now -Wl,-O1 -Wl,--sort-common -Wl,--as-needed -Wl,-z,relro -Wl,-z,now          -Wl,-z,pack-relative-relocs -flto=auto -Wl,--no-as-needed -ludev -Wl,--as-needed libudev0.c -o libudev.so.0.13.9999
==> Entering fakeroot environment...
==> Starting package()...
install -D -m0755 libudev.so.0.13.9999 /workspace/build/lib32-libudev0-shim/pkg/lib32-libudev0-shim/usr/lib32/libudev.so.0.13.9999
ln -s libudev.so.0.13.9999 /workspace/build/lib32-libudev0-shim/pkg/lib32-libudev0-shim/usr/lib32/libudev.so.0
==> Tidying install...
  -> Removing libtool files...
  -> Purging unwanted files...
  -> Removing static library files...
  -> Stripping unneeded symbols from binaries and libraries...
  -> Compressing man and info pages...
libfakeroot internal error: payload not recognized!
==> Checking for packaging issues...
==> Creating package "lib32-libudev0-shim"...
  -> Generating .PKGINFO file...
  -> Generating .BUILDINFO file...
  -> Generating .MTREE file...
  -> Compressing package...
==> Leaving fakeroot environment.
==> Finished making: lib32-libudev0-shim 2-1 (Fri Oct 31 21:28:30 2025)
==> Installing package lib32-libudev0-shim with pacman -U...
loading packages...
resolving dependencies...
looking for conflicting packages...

Package (1)          New Version  Net Change

lib32-libudev0-shim  2-1            0.01 MiB

Total Installed Size:  0.01 MiB

:: Proceed with installation? [Y/n] 
checking keyring...
checking package integrity...
loading package files...
checking for file conflicts...
:: Processing package changes...
installing lib32-libudev0-shim...
:: Running post-transaction hooks...
(1/1) Arming ConditionNeedsUpdate...
